#
# There is insufficient memory for the Java Runtime Environment to continue.
# Native memory allocation (malloc) failed to allocate 1318896 bytes for Chunk::new
# Possible reasons:
#   The system is out of physical RAM or swap space
#   The process is running with CompressedOops enabled, and the Java Heap may be blocking the growth of the native heap
# Possible solutions:
#   Reduce memory load on the system
#   Increase physical memory or swap space
#   Check if swap backing store is full
#   Decrease Java heap size (-Xmx/-Xms)
#   Decrease number of Java threads
#   Decrease Java thread stack sizes (-Xss)
#   Set larger code cache with -XX:ReservedCodeCacheSize=
#   JVM is running with Unscaled Compressed Oops mode in which the Java heap is
#     placed in the first 4GB address space. The Java Heap base address is the
#     maximum limit for the native heap growth. Please use -XX:HeapBaseMinAddress
#     to set the Java Heap base and to place the Java Heap above 4GB virtual address.
# This output file may be truncated or incomplete.
#
#  Out of Memory Error (t:/workspace/open/src/hotspot/share/memory/arena.cpp:197), pid=30480, tid=45480
#
# JRE version: OpenJDK Runtime Environment (11.0+28) (build 11+28)
# Java VM: OpenJDK 64-Bit Server VM (11+28, mixed mode, tiered, compressed oops, g1 gc, windows-amd64)
# No core dump will be written. Minidumps are not enabled by default on client versions of Windows
#

---------------  S U M M A R Y ------------

Command Line: --add-opens=java.base/java.util=ALL-UNNAMED --add-opens=java.base/java.lang=ALL-UNNAMED --add-opens=java.base/java.lang.invoke=ALL-UNNAMED --add-opens=java.prefs/java.util.prefs=ALL-UNNAMED --add-opens=java.base/java.nio.charset=ALL-UNNAMED --add-opens=java.base/java.net=ALL-UNNAMED --add-opens=java.base/java.util.concurrent.atomic=ALL-UNNAMED -XX:MaxMetaspaceSize=384m -XX:+HeapDumpOnOutOfMemoryError -Xms256m -Xmx512m -Dfile.encoding=x-windows-949 -Duser.country=KR -Duser.language=ko -Duser.variant -javaagent:C:\Users\SSAFY\.gradle\wrapper\dists\gradle-8.3-bin\dxjbbhstwasg8cbags9q7cvli\gradle-8.3\lib\agents\gradle-instrumentation-agent-8.3.jar org.gradle.launcher.daemon.bootstrap.GradleDaemon 8.3

Host: Intel(R) Core(TM) i7-10750H CPU @ 2.60GHz, 12 cores, 15G,  Windows 10 , 64 bit Build 19041 (10.0.19041.3570)
Time: Mon Nov 13 15:47:47 2023 대한민국 표준시 elapsed time: 5 seconds (0d 0h 0m 5s)

---------------  T H R E A D  ---------------

Current thread (0x000001dd792b4000):  JavaThread "C2 CompilerThread1" daemon [_thread_in_native, id=45480, stack(0x0000009429c00000,0x0000009429d00000)]


Current CompileTask:
C2:   5819 6185       4       org.codehaus.groovy.runtime.metaclass.MetaMethodIndex::addMethodToList (128 bytes)

Stack: [0x0000009429c00000,0x0000009429d00000]
Native frames: (J=compiled Java code, j=interpreted, Vv=VM code, C=native code)
V  [jvm.dll+0x63adaa]
V  [jvm.dll+0x77852f]
V  [jvm.dll+0x779b18]
V  [jvm.dll+0x77a1d3]
V  [jvm.dll+0x2624c8]
V  [jvm.dll+0xc5b61]
V  [jvm.dll+0xc60fc]
V  [jvm.dll+0x36e6d7]
V  [jvm.dll+0x33b433]
V  [jvm.dll+0x33a80a]
V  [jvm.dll+0x21c365]
V  [jvm.dll+0x21b50a]
V  [jvm.dll+0x198400]
V  [jvm.dll+0x22a4ff]
V  [jvm.dll+0x228b18]
V  [jvm.dll+0x73dc3d]
V  [jvm.dll+0x639e42]
C  [ucrtbase.dll+0x21bb2]
C  [KERNEL32.DLL+0x17344]
C  [ntdll.dll+0x526b1]


---------------  P R O C E S S  ---------------

Threads class SMR info:
_java_thread_list=0x000001dd7d8d9a60, length=59, elements={
0x000001dd5b046800, 0x000001dd76fe9000, 0x000001dd76feb000, 0x000001dd778de000,
0x000001dd778df000, 0x000001dd778e0800, 0x000001dd778e4000, 0x000001dd778e6000,
0x000001dd76f65800, 0x000001dd77c4c800, 0x000001dd78f88000, 0x000001dd77bcd000,
0x000001dd79c5f800, 0x000001dd79a9c800, 0x000001dd78f91000, 0x000001dd799aa000,
0x000001dd79c1b000, 0x000001dd790d4000, 0x000001dd79118800, 0x000001dd79bfc800,
0x000001dd79ada800, 0x000001dd79add000, 0x000001dd79ada000, 0x000001dd792b4000,
0x000001dd7a6c4000, 0x000001dd79ade000, 0x000001dd79adc800, 0x000001dd79ad9000,
0x000001dd79adb800, 0x000001dd79ade800, 0x000001dd79adf800, 0x000001dd7b50b000,
0x000001dd7b509800, 0x000001dd7b508800, 0x000001dd7b50a000, 0x000001dd7b50b800,
0x000001dd7b50c800, 0x000001dd7b50d800, 0x000001dd7b507800, 0x000001dd7b50f000,
0x000001dd7b512000, 0x000001dd7b50e000, 0x000001dd7b510800, 0x000001dd7b515800,
0x000001dd7b511800, 0x000001dd7b514800, 0x000001dd7b516800, 0x000001dd7b513000,
0x000001dd7efba000, 0x000001dd7efbd000, 0x000001dd7efba800, 0x000001dd7efbe000,
0x000001dd7efbb800, 0x000001dd7efbc800, 0x000001dd7efb8800, 0x000001dd7efbf000,
0x000001dd7efb9000, 0x000001dd7efc5800, 0x000001dd7efc0800
}

Java Threads: ( => current thread )
  0x000001dd5b046800 JavaThread "main" [_thread_blocked, id=42612, stack(0x0000009427300000,0x0000009427400000)]
  0x000001dd76fe9000 JavaThread "Reference Handler" daemon [_thread_blocked, id=47900, stack(0x0000009427a00000,0x0000009427b00000)]
  0x000001dd76feb000 JavaThread "Finalizer" daemon [_thread_blocked, id=51560, stack(0x0000009427b00000,0x0000009427c00000)]
  0x000001dd778de000 JavaThread "Signal Dispatcher" daemon [_thread_blocked, id=49912, stack(0x0000009427c00000,0x0000009427d00000)]
  0x000001dd778df000 JavaThread "Attach Listener" daemon [_thread_blocked, id=38580, stack(0x0000009427d00000,0x0000009427e00000)]
  0x000001dd778e0800 JavaThread "C2 CompilerThread0" daemon [_thread_in_native, id=21296, stack(0x0000009427e00000,0x0000009427f00000)]
  0x000001dd778e4000 JavaThread "C1 CompilerThread0" daemon [_thread_blocked, id=48764, stack(0x0000009427f00000,0x0000009428000000)]
  0x000001dd778e6000 JavaThread "Sweeper thread" daemon [_thread_blocked, id=50540, stack(0x0000009428000000,0x0000009428100000)]
  0x000001dd76f65800 JavaThread "Common-Cleaner" daemon [_thread_blocked, id=55292, stack(0x0000009428100000,0x0000009428200000)]
  0x000001dd77c4c800 JavaThread "Service Thread" daemon [_thread_blocked, id=50444, stack(0x0000009428200000,0x0000009428300000)]
  0x000001dd78f88000 JavaThread "Daemon health stats" [_thread_blocked, id=32292, stack(0x0000009428b00000,0x0000009428c00000)]
  0x000001dd77bcd000 JavaThread "Incoming local TCP Connector on port 55175" [_thread_in_native, id=48768, stack(0x0000009428400000,0x0000009428500000)]
  0x000001dd79c5f800 JavaThread "Daemon periodic checks" [_thread_blocked, id=36524, stack(0x0000009428a00000,0x0000009428b00000)]
  0x000001dd79a9c800 JavaThread "Daemon" [_thread_blocked, id=52108, stack(0x0000009428c00000,0x0000009428d00000)]
  0x000001dd78f91000 JavaThread "Handler for socket connection from /127.0.0.1:55175 to /127.0.0.1:55176" [_thread_in_native, id=45092, stack(0x0000009428d00000,0x0000009428e00000)]
  0x000001dd799aa000 JavaThread "Cancel handler" [_thread_blocked, id=54744, stack(0x0000009428e00000,0x0000009428f00000)]
  0x000001dd79c1b000 JavaThread "Daemon worker" [_thread_in_Java, id=21944, stack(0x0000009428f00000,0x0000009429000000)]
  0x000001dd790d4000 JavaThread "Asynchronous log dispatcher for DefaultDaemonConnection: socket connection from /127.0.0.1:55175 to /127.0.0.1:55176" [_thread_blocked, id=54800, stack(0x0000009429000000,0x0000009429100000)]
  0x000001dd79118800 JavaThread "Stdin handler" [_thread_blocked, id=16176, stack(0x0000009429100000,0x0000009429200000)]
  0x000001dd79bfc800 JavaThread "Daemon client event forwarder" [_thread_blocked, id=54956, stack(0x0000009429200000,0x0000009429300000)]
  0x000001dd79ada800 JavaThread "Cache worker for journal cache (C:\Users\SSAFY\.gradle\caches\journal-1)" [_thread_blocked, id=55100, stack(0x0000009429900000,0x0000009429a00000)]
  0x000001dd79add000 JavaThread "File lock request listener" [_thread_in_native, id=16620, stack(0x0000009429a00000,0x0000009429b00000)]
  0x000001dd79ada000 JavaThread "Cache worker for file hash cache (C:\Users\SSAFY\.gradle\caches\8.3\fileHashes)" [_thread_blocked, id=56256, stack(0x0000009429b00000,0x0000009429c00000)]
=>0x000001dd792b4000 JavaThread "C2 CompilerThread1" daemon [_thread_in_native, id=45480, stack(0x0000009429c00000,0x0000009429d00000)]
  0x000001dd7a6c4000 JavaThread "C2 CompilerThread2" daemon [_thread_in_native, id=50748, stack(0x0000009429d00000,0x0000009429e00000)]
  0x000001dd79ade000 JavaThread "File watcher server" daemon [_thread_in_native, id=48412, stack(0x0000009429e00000,0x0000009429f00000)]
  0x000001dd79adc800 JavaThread "File watcher consumer" daemon [_thread_blocked, id=19256, stack(0x0000009429f00000,0x000000942a000000)]
  0x000001dd79ad9000 JavaThread "jar transforms" [_thread_blocked, id=12504, stack(0x000000942a000000,0x000000942a100000)]
  0x000001dd79adb800 JavaThread "jar transforms Thread 2" [_thread_blocked, id=57128, stack(0x000000942a100000,0x000000942a200000)]
  0x000001dd79ade800 JavaThread "jar transforms Thread 3" [_thread_blocked, id=38588, stack(0x000000942a200000,0x000000942a300000)]
  0x000001dd79adf800 JavaThread "jar transforms Thread 4" [_thread_blocked, id=44960, stack(0x000000942a300000,0x000000942a400000)]
  0x000001dd7b50b000 JavaThread "jar transforms Thread 5" [_thread_blocked, id=46384, stack(0x000000942a400000,0x000000942a500000)]
  0x000001dd7b509800 JavaThread "jar transforms Thread 6" [_thread_blocked, id=47568, stack(0x000000942a500000,0x000000942a600000)]
  0x000001dd7b508800 JavaThread "jar transforms Thread 7" [_thread_blocked, id=50688, stack(0x000000942a600000,0x000000942a700000)]
  0x000001dd7b50a000 JavaThread "jar transforms Thread 8" [_thread_blocked, id=20432, stack(0x000000942a700000,0x000000942a800000)]
  0x000001dd7b50b800 JavaThread "jar transforms Thread 9" [_thread_blocked, id=53592, stack(0x000000942a800000,0x000000942a900000)]
  0x000001dd7b50c800 JavaThread "jar transforms Thread 10" [_thread_blocked, id=47692, stack(0x000000942a900000,0x000000942aa00000)]
  0x000001dd7b50d800 JavaThread "jar transforms Thread 11" [_thread_blocked, id=42860, stack(0x000000942aa00000,0x000000942ab00000)]
  0x000001dd7b507800 JavaThread "jar transforms Thread 12" [_thread_blocked, id=36728, stack(0x000000942ab00000,0x000000942ac00000)]
  0x000001dd7b50f000 JavaThread "Cache worker for checksums cache (C:\MEETHARE\MeetHare-Location-Recommend\.gradle\8.3\checksums)" [_thread_blocked, id=1724, stack(0x000000942ac00000,0x000000942ad00000)]
  0x000001dd7b512000 JavaThread "Cache worker for file hash cache (C:\MEETHARE\MeetHare-Location-Recommend\.gradle\8.3\fileHashes)" [_thread_blocked, id=51668, stack(0x000000942ad00000,0x000000942ae00000)]
  0x000001dd7b50e000 JavaThread "Cache worker for cache directory md-supplier (C:\Users\SSAFY\.gradle\caches\8.3\md-supplier)" [_thread_blocked, id=56064, stack(0x000000942ae00000,0x000000942af00000)]
  0x000001dd7b510800 JavaThread "Cache worker for file content cache (C:\Users\SSAFY\.gradle\caches\8.3\fileContent)" [_thread_blocked, id=19480, stack(0x000000942af00000,0x000000942b000000)]
  0x000001dd7b515800 JavaThread "Cache worker for cache directory md-rule (C:\Users\SSAFY\.gradle\caches\8.3\md-rule)" [_thread_blocked, id=39024, stack(0x000000942b000000,0x000000942b100000)]
  0x000001dd7b511800 JavaThread "Cache worker for execution history cache (C:\Users\SSAFY\.gradle\caches\8.3\executionHistory)" [_thread_blocked, id=54668, stack(0x000000942b100000,0x000000942b200000)]
  0x000001dd7b514800 JavaThread "Cache worker for dependencies-accessors (C:\MEETHARE\MeetHare-Location-Recommend\.gradle\8.3\dependencies-accessors)" [_thread_blocked, id=54292, stack(0x000000942b200000,0x000000942b300000)]
  0x000001dd7b516800 JavaThread "Cache worker for Build Output Cleanup Cache (C:\MEETHARE\MeetHare-Location-Recommend\.gradle\buildOutputCleanup)" [_thread_blocked, id=31780, stack(0x000000942b300000,0x000000942b400000)]
  0x000001dd7b513000 JavaThread "Unconstrained build operations" [_thread_blocked, id=46016, stack(0x000000942b400000,0x000000942b500000)]
  0x000001dd7efba000 JavaThread "Unconstrained build operations Thread 2" [_thread_blocked, id=15796, stack(0x000000942b500000,0x000000942b600000)]
  0x000001dd7efbd000 JavaThread "Unconstrained build operations Thread 3" [_thread_blocked, id=40480, stack(0x000000942b600000,0x000000942b700000)]
  0x000001dd7efba800 JavaThread "Unconstrained build operations Thread 4" [_thread_blocked, id=54852, stack(0x000000942b700000,0x000000942b800000)]
  0x000001dd7efbe000 JavaThread "Unconstrained build operations Thread 5" [_thread_blocked, id=56896, stack(0x000000942b800000,0x000000942b900000)]
  0x000001dd7efbb800 JavaThread "Unconstrained build operations Thread 6" [_thread_blocked, id=31816, stack(0x000000942b900000,0x000000942ba00000)]
  0x000001dd7efbc800 JavaThread "Unconstrained build operations Thread 7" [_thread_blocked, id=36972, stack(0x000000942ba00000,0x000000942bb00000)]
  0x000001dd7efb8800 JavaThread "Unconstrained build operations Thread 8" [_thread_blocked, id=26228, stack(0x000000942bb00000,0x000000942bc00000)]
  0x000001dd7efbf000 JavaThread "Unconstrained build operations Thread 9" [_thread_blocked, id=53252, stack(0x000000942bc00000,0x000000942bd00000)]
  0x000001dd7efb9000 JavaThread "Unconstrained build operations Thread 10" [_thread_blocked, id=25100, stack(0x000000942bd00000,0x000000942be00000)]
  0x000001dd7efc5800 JavaThread "Unconstrained build operations Thread 11" [_thread_blocked, id=42424, stack(0x000000942be00000,0x000000942bf00000)]
  0x000001dd7efc0800 JavaThread "Memory manager" [_thread_blocked, id=48152, stack(0x000000942bf00000,0x000000942c000000)]

Other Threads:
  0x000001dd76fac000 VMThread "VM Thread" [stack: 0x0000009427900000,0x0000009427a00000] [id=34364]
  0x000001dd77b65800 WatcherThread [stack: 0x0000009428300000,0x0000009428400000] [id=49128]
  0x000001dd5b05e000 GCTaskThread "GC Thread#0" [stack: 0x0000009427400000,0x0000009427500000] [id=22412]
  0x000001dd78202800 GCTaskThread "GC Thread#1" [stack: 0x0000009428500000,0x0000009428600000] [id=48440]
  0x000001dd77cc9800 GCTaskThread "GC Thread#2" [stack: 0x0000009428600000,0x0000009428700000] [id=51088]
  0x000001dd78489800 GCTaskThread "GC Thread#3" [stack: 0x0000009428700000,0x0000009428800000] [id=55184]
  0x000001dd78444800 GCTaskThread "GC Thread#4" [stack: 0x0000009428800000,0x0000009428900000] [id=24944]
  0x000001dd78b7a000 GCTaskThread "GC Thread#5" [stack: 0x0000009428900000,0x0000009428a00000] [id=47656]
  0x000001dd790d4800 GCTaskThread "GC Thread#6" [stack: 0x0000009429300000,0x0000009429400000] [id=37448]
  0x000001dd79119000 GCTaskThread "GC Thread#7" [stack: 0x0000009429400000,0x0000009429500000] [id=43668]
  0x000001dd7abed000 GCTaskThread "GC Thread#8" [stack: 0x0000009429500000,0x0000009429600000] [id=55088]
  0x000001dd7af2a000 GCTaskThread "GC Thread#9" [stack: 0x0000009429600000,0x0000009429700000] [id=29248]
  0x000001dd5b06e800 ConcurrentGCThread "G1 Main Marker" [stack: 0x0000009427500000,0x0000009427600000] [id=37972]
  0x000001dd5b070000 ConcurrentGCThread "G1 Conc#0" [stack: 0x0000009427600000,0x0000009427700000] [id=53716]
  0x000001dd790e7000 ConcurrentGCThread "G1 Conc#1" [stack: 0x0000009429700000,0x0000009429800000] [id=52232]
  0x000001dd790e7800 ConcurrentGCThread "G1 Conc#2" [stack: 0x0000009429800000,0x0000009429900000] [id=52428]
  0x000001dd76e3c800 ConcurrentGCThread "G1 Refine#0" [stack: 0x0000009427700000,0x0000009427800000] [id=52576]
  0x000001dd76e3d800 ConcurrentGCThread "G1 Young RemSet Sampling" [stack: 0x0000009427800000,0x0000009427900000] [id=20988]

Threads with active compile tasks:
C2 CompilerThread06164       4       sun.reflect.generics.parser.SignatureParser::parsePackageNameAndSimpleClassTypeSignature (119 bytes)
C2 CompilerThread16185       4       org.codehaus.groovy.runtime.metaclass.MetaMethodIndex::addMethodToList (128 bytes)
C2 CompilerThread26184       4       org.codehaus.groovy.reflection.CachedMethod::compareTo (25 bytes)

VM state:not at safepoint (normal execution)

VM Mutex/Monitor currently owned by a thread: None

Heap address: 0x00000000e0000000, size: 512 MB, Compressed Oops mode: 32-bit
Narrow klass base: 0x0000000000000000, Narrow klass shift: 3
Compressed class space size: 394264576 Address: 0x0000000100000000

Heap:
 garbage-first heap   total 262144K, used 165148K [0x00000000e0000000, 0x0000000100000000)
  region size 1024K, 114 young (116736K), 6 survivors (6144K)
 Metaspace       used 64936K, capacity 67335K, committed 67632K, reserved 444416K
  class space    used 8669K, capacity 9537K, committed 9600K, reserved 385024K
Heap Regions: E=young(eden), S=young(survivor), O=old, HS=humongous(starts), HC=humongous(continues), CS=collection set, F=free, A=archive, TAMS=top-at-mark-start (previous, next)
|   0|0x00000000e0000000, 0x00000000e0100000, 0x00000000e0100000|100%|HS|  |TAMS 0x00000000e0100000, 0x00000000e0000000| Complete 
|   1|0x00000000e0100000, 0x00000000e0200000, 0x00000000e0200000|100%|HC|  |TAMS 0x00000000e0200000, 0x00000000e0100000| Complete 
|   2|0x00000000e0200000, 0x00000000e0300000, 0x00000000e0300000|100%|HC|  |TAMS 0x00000000e0300000, 0x00000000e0200000| Complete 
|   3|0x00000000e0300000, 0x00000000e0400000, 0x00000000e0400000|100%|HC|  |TAMS 0x00000000e0400000, 0x00000000e0300000| Complete 
|   4|0x00000000e0400000, 0x00000000e0500000, 0x00000000e0500000|100%| O|  |TAMS 0x00000000e0500000, 0x00000000e0400000| Untracked 
|   5|0x00000000e0500000, 0x00000000e0600000, 0x00000000e0600000|100%| O|  |TAMS 0x00000000e0600000, 0x00000000e0500000| Untracked 
|   6|0x00000000e0600000, 0x00000000e0700000, 0x00000000e0700000|100%| O|  |TAMS 0x00000000e0700000, 0x00000000e0600000| Untracked 
|   7|0x00000000e0700000, 0x00000000e0800000, 0x00000000e0800000|100%| O|  |TAMS 0x00000000e0800000, 0x00000000e0700000| Untracked 
|   8|0x00000000e0800000, 0x00000000e0900000, 0x00000000e0900000|100%| O|  |TAMS 0x00000000e0900000, 0x00000000e0800000| Untracked 
|   9|0x00000000e0900000, 0x00000000e0a00000, 0x00000000e0a00000|100%| O|  |TAMS 0x00000000e0a00000, 0x00000000e0900000| Untracked 
|  10|0x00000000e0a00000, 0x00000000e0b00000, 0x00000000e0b00000|100%| O|  |TAMS 0x00000000e0b00000, 0x00000000e0a00000| Untracked 
|  11|0x00000000e0b00000, 0x00000000e0c00000, 0x00000000e0c00000|100%| O|  |TAMS 0x00000000e0c00000, 0x00000000e0b00000| Untracked 
|  12|0x00000000e0c00000, 0x00000000e0d00000, 0x00000000e0d00000|100%| O|  |TAMS 0x00000000e0d00000, 0x00000000e0c00000| Untracked 
|  13|0x00000000e0d00000, 0x00000000e0e00000, 0x00000000e0e00000|100%| O|  |TAMS 0x00000000e0e00000, 0x00000000e0d00000| Untracked 
|  14|0x00000000e0e00000, 0x00000000e0f00000, 0x00000000e0f00000|100%| O|  |TAMS 0x00000000e0f00000, 0x00000000e0e00000| Untracked 
|  15|0x00000000e0f00000, 0x00000000e1000000, 0x00000000e1000000|100%| O|  |TAMS 0x00000000e1000000, 0x00000000e0f00000| Untracked 
|  16|0x00000000e1000000, 0x00000000e1100000, 0x00000000e1100000|100%| O|  |TAMS 0x00000000e1100000, 0x00000000e1000000| Untracked 
|  17|0x00000000e1100000, 0x00000000e1200000, 0x00000000e1200000|100%| O|  |TAMS 0x00000000e1200000, 0x00000000e1100000| Untracked 
|  18|0x00000000e1200000, 0x00000000e1300000, 0x00000000e1300000|100%|HS|  |TAMS 0x00000000e1300000, 0x00000000e1200000| Complete 
|  19|0x00000000e1300000, 0x00000000e1400000, 0x00000000e1400000|100%|HC|  |TAMS 0x00000000e1400000, 0x00000000e1300000| Complete 
|  20|0x00000000e1400000, 0x00000000e1500000, 0x00000000e1500000|100%|HS|  |TAMS 0x00000000e1500000, 0x00000000e1400000| Complete 
|  21|0x00000000e1500000, 0x00000000e1600000, 0x00000000e1600000|100%|HC|  |TAMS 0x00000000e1600000, 0x00000000e1500000| Complete 
|  22|0x00000000e1600000, 0x00000000e1700000, 0x00000000e1700000|100%|HC|  |TAMS 0x00000000e1700000, 0x00000000e1600000| Complete 
|  23|0x00000000e1700000, 0x00000000e1800000, 0x00000000e1800000|100%|HS|  |TAMS 0x00000000e1800000, 0x00000000e1700000| Complete 
|  24|0x00000000e1800000, 0x00000000e1900000, 0x00000000e1900000|100%|HC|  |TAMS 0x00000000e1900000, 0x00000000e1800000| Complete 
|  25|0x00000000e1900000, 0x00000000e1a00000, 0x00000000e1a00000|100%|HC|  |TAMS 0x00000000e1a00000, 0x00000000e1900000| Complete 
|  26|0x00000000e1a00000, 0x00000000e1b00000, 0x00000000e1b00000|100%|HS|  |TAMS 0x00000000e1b00000, 0x00000000e1a00000| Complete 
|  27|0x00000000e1b00000, 0x00000000e1c00000, 0x00000000e1c00000|100%|HC|  |TAMS 0x00000000e1c00000, 0x00000000e1b00000| Complete 
|  28|0x00000000e1c00000, 0x00000000e1d00000, 0x00000000e1d00000|100%|HC|  |TAMS 0x00000000e1d00000, 0x00000000e1c00000| Complete 
|  29|0x00000000e1d00000, 0x00000000e1e00000, 0x00000000e1e00000|100%| O|  |TAMS 0x00000000e1e00000, 0x00000000e1d00000| Untracked 
|  30|0x00000000e1e00000, 0x00000000e1f00000, 0x00000000e1f00000|100%| O|  |TAMS 0x00000000e1f00000, 0x00000000e1e00000| Untracked 
|  31|0x00000000e1f00000, 0x00000000e2000000, 0x00000000e2000000|100%| O|  |TAMS 0x00000000e2000000, 0x00000000e1f00000| Untracked 
|  32|0x00000000e2000000, 0x00000000e2100000, 0x00000000e2100000|100%| O|  |TAMS 0x00000000e2100000, 0x00000000e2000000| Untracked 
|  33|0x00000000e2100000, 0x00000000e2200000, 0x00000000e2200000|100%| O|  |TAMS 0x00000000e2200000, 0x00000000e2100000| Untracked 
|  34|0x00000000e2200000, 0x00000000e2300000, 0x00000000e2300000|100%|HS|  |TAMS 0x00000000e2300000, 0x00000000e2200000| Complete 
|  35|0x00000000e2300000, 0x00000000e2400000, 0x00000000e2400000|100%|HC|  |TAMS 0x00000000e2400000, 0x00000000e2300000| Complete 
|  36|0x00000000e2400000, 0x00000000e2500000, 0x00000000e2500000|100%|HC|  |TAMS 0x00000000e2500000, 0x00000000e2400000| Complete 
|  37|0x00000000e2500000, 0x00000000e2600000, 0x00000000e2600000|100%| O|  |TAMS 0x00000000e2600000, 0x00000000e2500000| Untracked 
|  38|0x00000000e2600000, 0x00000000e2700000, 0x00000000e2700000|100%| O|  |TAMS 0x00000000e2700000, 0x00000000e2600000| Untracked 
|  39|0x00000000e2700000, 0x00000000e2800000, 0x00000000e2800000|100%| O|  |TAMS 0x00000000e2800000, 0x00000000e2700000| Untracked 
|  40|0x00000000e2800000, 0x00000000e2900000, 0x00000000e2900000|100%| O|  |TAMS 0x00000000e2900000, 0x00000000e2800000| Untracked 
|  41|0x00000000e2900000, 0x00000000e2a00000, 0x00000000e2a00000|100%| O|  |TAMS 0x00000000e2a00000, 0x00000000e2900000| Untracked 
|  42|0x00000000e2a00000, 0x00000000e2b00000, 0x00000000e2b00000|100%| O|  |TAMS 0x00000000e2b00000, 0x00000000e2a00000| Untracked 
|  43|0x00000000e2b00000, 0x00000000e2c00000, 0x00000000e2c00000|100%| O|  |TAMS 0x00000000e2c00000, 0x00000000e2b00000| Untracked 
|  44|0x00000000e2c00000, 0x00000000e2d00000, 0x00000000e2d00000|100%| O|  |TAMS 0x00000000e2d00000, 0x00000000e2c00000| Untracked 
|  45|0x00000000e2d00000, 0x00000000e2e00000, 0x00000000e2e00000|100%| O|  |TAMS 0x00000000e2e00000, 0x00000000e2d00000| Untracked 
|  46|0x00000000e2e00000, 0x00000000e2f00000, 0x00000000e2f00000|100%| O|  |TAMS 0x00000000e2f00000, 0x00000000e2e00000| Untracked 
|  47|0x00000000e2f00000, 0x00000000e3000000, 0x00000000e3000000|100%| O|  |TAMS 0x00000000e3000000, 0x00000000e2f00000| Untracked 
|  48|0x00000000e3000000, 0x00000000e3047200, 0x00000000e3100000| 27%| O|  |TAMS 0x00000000e3047200, 0x00000000e3000000| Untracked 
|  49|0x00000000e3100000, 0x00000000e3100000, 0x00000000e3200000|  0%| F|  |TAMS 0x00000000e3100000, 0x00000000e3100000| Untracked 
|  50|0x00000000e3200000, 0x00000000e3200000, 0x00000000e3300000|  0%| F|  |TAMS 0x00000000e3200000, 0x00000000e3200000| Untracked 
|  51|0x00000000e3300000, 0x00000000e3300000, 0x00000000e3400000|  0%| F|  |TAMS 0x00000000e3300000, 0x00000000e3300000| Untracked 
|  52|0x00000000e3400000, 0x00000000e3400000, 0x00000000e3500000|  0%| F|  |TAMS 0x00000000e3400000, 0x00000000e3400000| Untracked 
|  53|0x00000000e3500000, 0x00000000e3500000, 0x00000000e3600000|  0%| F|  |TAMS 0x00000000e3500000, 0x00000000e3500000| Untracked 
|  54|0x00000000e3600000, 0x00000000e3600000, 0x00000000e3700000|  0%| F|  |TAMS 0x00000000e3600000, 0x00000000e3600000| Untracked 
|  55|0x00000000e3700000, 0x00000000e3700000, 0x00000000e3800000|  0%| F|  |TAMS 0x00000000e3700000, 0x00000000e3700000| Untracked 
|  56|0x00000000e3800000, 0x00000000e3800000, 0x00000000e3900000|  0%| F|  |TAMS 0x00000000e3800000, 0x00000000e3800000| Untracked 
|  57|0x00000000e3900000, 0x00000000e3900000, 0x00000000e3a00000|  0%| F|  |TAMS 0x00000000e3900000, 0x00000000e3900000| Untracked 
|  58|0x00000000e3a00000, 0x00000000e3a00000, 0x00000000e3b00000|  0%| F|  |TAMS 0x00000000e3a00000, 0x00000000e3a00000| Untracked 
|  59|0x00000000e3b00000, 0x00000000e3b00000, 0x00000000e3c00000|  0%| F|  |TAMS 0x00000000e3b00000, 0x00000000e3b00000| Untracked 
|  60|0x00000000e3c00000, 0x00000000e3c00000, 0x00000000e3d00000|  0%| F|  |TAMS 0x00000000e3c00000, 0x00000000e3c00000| Untracked 
|  61|0x00000000e3d00000, 0x00000000e3d00000, 0x00000000e3e00000|  0%| F|  |TAMS 0x00000000e3d00000, 0x00000000e3d00000| Untracked 
|  62|0x00000000e3e00000, 0x00000000e3e00000, 0x00000000e3f00000|  0%| F|  |TAMS 0x00000000e3e00000, 0x00000000e3e00000| Untracked 
|  63|0x00000000e3f00000, 0x00000000e3f00000, 0x00000000e4000000|  0%| F|  |TAMS 0x00000000e3f00000, 0x00000000e3f00000| Untracked 
|  64|0x00000000e4000000, 0x00000000e4000000, 0x00000000e4100000|  0%| F|  |TAMS 0x00000000e4000000, 0x00000000e4000000| Untracked 
|  65|0x00000000e4100000, 0x00000000e4100000, 0x00000000e4200000|  0%| F|  |TAMS 0x00000000e4100000, 0x00000000e4100000| Untracked 
|  66|0x00000000e4200000, 0x00000000e4200000, 0x00000000e4300000|  0%| F|  |TAMS 0x00000000e4200000, 0x00000000e4200000| Untracked 
|  67|0x00000000e4300000, 0x00000000e4300000, 0x00000000e4400000|  0%| F|  |TAMS 0x00000000e4300000, 0x00000000e4300000| Untracked 
|  68|0x00000000e4400000, 0x00000000e4400000, 0x00000000e4500000|  0%| F|  |TAMS 0x00000000e4400000, 0x00000000e4400000| Untracked 
|  69|0x00000000e4500000, 0x00000000e4500000, 0x00000000e4600000|  0%| F|  |TAMS 0x00000000e4500000, 0x00000000e4500000| Untracked 
|  70|0x00000000e4600000, 0x00000000e4600000, 0x00000000e4700000|  0%| F|  |TAMS 0x00000000e4600000, 0x00000000e4600000| Untracked 
|  71|0x00000000e4700000, 0x00000000e4700000, 0x00000000e4800000|  0%| F|  |TAMS 0x00000000e4700000, 0x00000000e4700000| Untracked 
|  72|0x00000000e4800000, 0x00000000e4800000, 0x00000000e4900000|  0%| F|  |TAMS 0x00000000e4800000, 0x00000000e4800000| Untracked 
|  73|0x00000000e4900000, 0x00000000e4900000, 0x00000000e4a00000|  0%| F|  |TAMS 0x00000000e4900000, 0x00000000e4900000| Untracked 
|  74|0x00000000e4a00000, 0x00000000e4a00000, 0x00000000e4b00000|  0%| F|  |TAMS 0x00000000e4a00000, 0x00000000e4a00000| Untracked 
|  75|0x00000000e4b00000, 0x00000000e4b00000, 0x00000000e4c00000|  0%| F|  |TAMS 0x00000000e4b00000, 0x00000000e4b00000| Untracked 
|  76|0x00000000e4c00000, 0x00000000e4c00000, 0x00000000e4d00000|  0%| F|  |TAMS 0x00000000e4c00000, 0x00000000e4c00000| Untracked 
|  77|0x00000000e4d00000, 0x00000000e4d00000, 0x00000000e4e00000|  0%| F|  |TAMS 0x00000000e4d00000, 0x00000000e4d00000| Untracked 
|  78|0x00000000e4e00000, 0x00000000e4e00000, 0x00000000e4f00000|  0%| F|  |TAMS 0x00000000e4e00000, 0x00000000e4e00000| Untracked 
|  79|0x00000000e4f00000, 0x00000000e4f00000, 0x00000000e5000000|  0%| F|  |TAMS 0x00000000e4f00000, 0x00000000e4f00000| Untracked 
|  80|0x00000000e5000000, 0x00000000e5000000, 0x00000000e5100000|  0%| F|  |TAMS 0x00000000e5000000, 0x00000000e5000000| Untracked 
|  81|0x00000000e5100000, 0x00000000e5100000, 0x00000000e5200000|  0%| F|  |TAMS 0x00000000e5100000, 0x00000000e5100000| Untracked 
|  82|0x00000000e5200000, 0x00000000e5200000, 0x00000000e5300000|  0%| F|  |TAMS 0x00000000e5200000, 0x00000000e5200000| Untracked 
|  83|0x00000000e5300000, 0x00000000e5300000, 0x00000000e5400000|  0%| F|  |TAMS 0x00000000e5300000, 0x00000000e5300000| Untracked 
|  84|0x00000000e5400000, 0x00000000e5400000, 0x00000000e5500000|  0%| F|  |TAMS 0x00000000e5400000, 0x00000000e5400000| Untracked 
|  85|0x00000000e5500000, 0x00000000e5500000, 0x00000000e5600000|  0%| F|  |TAMS 0x00000000e5500000, 0x00000000e5500000| Untracked 
|  86|0x00000000e5600000, 0x00000000e5600000, 0x00000000e5700000|  0%| F|  |TAMS 0x00000000e5600000, 0x00000000e5600000| Untracked 
|  87|0x00000000e5700000, 0x00000000e5700000, 0x00000000e5800000|  0%| F|  |TAMS 0x00000000e5700000, 0x00000000e5700000| Untracked 
|  88|0x00000000e5800000, 0x00000000e5800000, 0x00000000e5900000|  0%| F|  |TAMS 0x00000000e5800000, 0x00000000e5800000| Untracked 
|  89|0x00000000e5900000, 0x00000000e5900000, 0x00000000e5a00000|  0%| F|  |TAMS 0x00000000e5900000, 0x00000000e5900000| Untracked 
|  90|0x00000000e5a00000, 0x00000000e5a00000, 0x00000000e5b00000|  0%| F|  |TAMS 0x00000000e5a00000, 0x00000000e5a00000| Untracked 
|  91|0x00000000e5b00000, 0x00000000e5b00000, 0x00000000e5c00000|  0%| F|  |TAMS 0x00000000e5b00000, 0x00000000e5b00000| Untracked 
|  92|0x00000000e5c00000, 0x00000000e5c00000, 0x00000000e5d00000|  0%| F|  |TAMS 0x00000000e5c00000, 0x00000000e5c00000| Untracked 
|  93|0x00000000e5d00000, 0x00000000e5d00000, 0x00000000e5e00000|  0%| F|  |TAMS 0x00000000e5d00000, 0x00000000e5d00000| Untracked 
|  94|0x00000000e5e00000, 0x00000000e5e00000, 0x00000000e5f00000|  0%| F|  |TAMS 0x00000000e5e00000, 0x00000000e5e00000| Untracked 
|  95|0x00000000e5f00000, 0x00000000e5f00000, 0x00000000e6000000|  0%| F|  |TAMS 0x00000000e5f00000, 0x00000000e5f00000| Untracked 
|  96|0x00000000e6000000, 0x00000000e6000000, 0x00000000e6100000|  0%| F|  |TAMS 0x00000000e6000000, 0x00000000e6000000| Untracked 
|  97|0x00000000e6100000, 0x00000000e6100000, 0x00000000e6200000|  0%| F|  |TAMS 0x00000000e6100000, 0x00000000e6100000| Untracked 
|  98|0x00000000e6200000, 0x00000000e6200000, 0x00000000e6300000|  0%| F|  |TAMS 0x00000000e6200000, 0x00000000e6200000| Untracked 
|  99|0x00000000e6300000, 0x00000000e6300000, 0x00000000e6400000|  0%| F|  |TAMS 0x00000000e6300000, 0x00000000e6300000| Untracked 
| 100|0x00000000e6400000, 0x00000000e6400000, 0x00000000e6500000|  0%| F|  |TAMS 0x00000000e6400000, 0x00000000e6400000| Untracked 
| 101|0x00000000e6500000, 0x00000000e6500000, 0x00000000e6600000|  0%| F|  |TAMS 0x00000000e6500000, 0x00000000e6500000| Untracked 
| 102|0x00000000e6600000, 0x00000000e6600000, 0x00000000e6700000|  0%| F|  |TAMS 0x00000000e6600000, 0x00000000e6600000| Untracked 
| 103|0x00000000e6700000, 0x00000000e6700000, 0x00000000e6800000|  0%| F|  |TAMS 0x00000000e6700000, 0x00000000e6700000| Untracked 
| 104|0x00000000e6800000, 0x00000000e6800000, 0x00000000e6900000|  0%| F|  |TAMS 0x00000000e6800000, 0x00000000e6800000| Untracked 
| 105|0x00000000e6900000, 0x00000000e6900000, 0x00000000e6a00000|  0%| F|  |TAMS 0x00000000e6900000, 0x00000000e6900000| Untracked 
| 106|0x00000000e6a00000, 0x00000000e6a00000, 0x00000000e6b00000|  0%| F|  |TAMS 0x00000000e6a00000, 0x00000000e6a00000| Untracked 
| 107|0x00000000e6b00000, 0x00000000e6b00000, 0x00000000e6c00000|  0%| F|  |TAMS 0x00000000e6b00000, 0x00000000e6b00000| Untracked 
| 108|0x00000000e6c00000, 0x00000000e6c00000, 0x00000000e6d00000|  0%| F|  |TAMS 0x00000000e6c00000, 0x00000000e6c00000| Untracked 
| 109|0x00000000e6d00000, 0x00000000e6d00000, 0x00000000e6e00000|  0%| F|  |TAMS 0x00000000e6d00000, 0x00000000e6d00000| Untracked 
| 110|0x00000000e6e00000, 0x00000000e6e00000, 0x00000000e6f00000|  0%| F|  |TAMS 0x00000000e6e00000, 0x00000000e6e00000| Untracked 
| 111|0x00000000e6f00000, 0x00000000e6f00000, 0x00000000e7000000|  0%| F|  |TAMS 0x00000000e6f00000, 0x00000000e6f00000| Untracked 
| 112|0x00000000e7000000, 0x00000000e7000000, 0x00000000e7100000|  0%| F|  |TAMS 0x00000000e7000000, 0x00000000e7000000| Untracked 
| 113|0x00000000e7100000, 0x00000000e7100000, 0x00000000e7200000|  0%| F|  |TAMS 0x00000000e7100000, 0x00000000e7100000| Untracked 
| 114|0x00000000e7200000, 0x00000000e7200000, 0x00000000e7300000|  0%| F|  |TAMS 0x00000000e7200000, 0x00000000e7200000| Untracked 
| 115|0x00000000e7300000, 0x00000000e7300000, 0x00000000e7400000|  0%| F|  |TAMS 0x00000000e7300000, 0x00000000e7300000| Untracked 
| 116|0x00000000e7400000, 0x00000000e7400000, 0x00000000e7500000|  0%| F|  |TAMS 0x00000000e7400000, 0x00000000e7400000| Untracked 
| 117|0x00000000e7500000, 0x00000000e7500000, 0x00000000e7600000|  0%| F|  |TAMS 0x00000000e7500000, 0x00000000e7500000| Untracked 
| 118|0x00000000e7600000, 0x00000000e7600000, 0x00000000e7700000|  0%| F|  |TAMS 0x00000000e7600000, 0x00000000e7600000| Untracked 
| 119|0x00000000e7700000, 0x00000000e7700000, 0x00000000e7800000|  0%| F|  |TAMS 0x00000000e7700000, 0x00000000e7700000| Untracked 
| 120|0x00000000e7800000, 0x00000000e7800000, 0x00000000e7900000|  0%| F|  |TAMS 0x00000000e7800000, 0x00000000e7800000| Untracked 
| 121|0x00000000e7900000, 0x00000000e7900000, 0x00000000e7a00000|  0%| F|  |TAMS 0x00000000e7900000, 0x00000000e7900000| Untracked 
| 122|0x00000000e7a00000, 0x00000000e7a00000, 0x00000000e7b00000|  0%| F|  |TAMS 0x00000000e7a00000, 0x00000000e7a00000| Untracked 
| 123|0x00000000e7b00000, 0x00000000e7b00000, 0x00000000e7c00000|  0%| F|  |TAMS 0x00000000e7b00000, 0x00000000e7b00000| Untracked 
| 124|0x00000000e7c00000, 0x00000000e7c00000, 0x00000000e7d00000|  0%| F|  |TAMS 0x00000000e7c00000, 0x00000000e7c00000| Untracked 
| 125|0x00000000e7d00000, 0x00000000e7d00000, 0x00000000e7e00000|  0%| F|  |TAMS 0x00000000e7d00000, 0x00000000e7d00000| Untracked 
| 126|0x00000000e7e00000, 0x00000000e7e00000, 0x00000000e7f00000|  0%| F|  |TAMS 0x00000000e7e00000, 0x00000000e7e00000| Untracked 
| 127|0x00000000e7f00000, 0x00000000e7f00000, 0x00000000e8000000|  0%| F|  |TAMS 0x00000000e7f00000, 0x00000000e7f00000| Untracked 
| 128|0x00000000e8000000, 0x00000000e8000000, 0x00000000e8100000|  0%| F|  |TAMS 0x00000000e8000000, 0x00000000e8000000| Untracked 
| 129|0x00000000e8100000, 0x00000000e8100000, 0x00000000e8200000|  0%| F|  |TAMS 0x00000000e8100000, 0x00000000e8100000| Untracked 
| 130|0x00000000e8200000, 0x00000000e8200000, 0x00000000e8300000|  0%| F|  |TAMS 0x00000000e8200000, 0x00000000e8200000| Untracked 
| 131|0x00000000e8300000, 0x00000000e8300000, 0x00000000e8400000|  0%| F|  |TAMS 0x00000000e8300000, 0x00000000e8300000| Untracked 
| 132|0x00000000e8400000, 0x00000000e8400000, 0x00000000e8500000|  0%| F|  |TAMS 0x00000000e8400000, 0x00000000e8400000| Untracked 
| 133|0x00000000e8500000, 0x00000000e8500000, 0x00000000e8600000|  0%| F|  |TAMS 0x00000000e8500000, 0x00000000e8500000| Untracked 
| 134|0x00000000e8600000, 0x00000000e8600000, 0x00000000e8700000|  0%| F|  |TAMS 0x00000000e8600000, 0x00000000e8600000| Untracked 
| 135|0x00000000e8700000, 0x00000000e8700000, 0x00000000e8800000|  0%| F|  |TAMS 0x00000000e8700000, 0x00000000e8700000| Untracked 
| 136|0x00000000e8800000, 0x00000000e8800000, 0x00000000e8900000|  0%| F|  |TAMS 0x00000000e8800000, 0x00000000e8800000| Untracked 
| 137|0x00000000e8900000, 0x00000000e8900000, 0x00000000e8a00000|  0%| F|  |TAMS 0x00000000e8900000, 0x00000000e8900000| Untracked 
| 138|0x00000000e8a00000, 0x00000000e8a00000, 0x00000000e8b00000|  0%| F|  |TAMS 0x00000000e8a00000, 0x00000000e8a00000| Untracked 
| 139|0x00000000e8b00000, 0x00000000e8b00000, 0x00000000e8c00000|  0%| F|  |TAMS 0x00000000e8b00000, 0x00000000e8b00000| Untracked 
| 140|0x00000000e8c00000, 0x00000000e8c80800, 0x00000000e8d00000| 50%| E|  |TAMS 0x00000000e8c00000, 0x00000000e8c00000| Complete 
| 141|0x00000000e8d00000, 0x00000000e8e00000, 0x00000000e8e00000|100%| E|CS|TAMS 0x00000000e8d00000, 0x00000000e8d00000| Complete 
| 142|0x00000000e8e00000, 0x00000000e8f00000, 0x00000000e8f00000|100%| E|CS|TAMS 0x00000000e8e00000, 0x00000000e8e00000| Complete 
| 143|0x00000000e8f00000, 0x00000000e9000000, 0x00000000e9000000|100%| E|CS|TAMS 0x00000000e8f00000, 0x00000000e8f00000| Complete 
| 144|0x00000000e9000000, 0x00000000e9100000, 0x00000000e9100000|100%| E|CS|TAMS 0x00000000e9000000, 0x00000000e9000000| Complete 
| 145|0x00000000e9100000, 0x00000000e9200000, 0x00000000e9200000|100%| E|CS|TAMS 0x00000000e9100000, 0x00000000e9100000| Complete 
| 146|0x00000000e9200000, 0x00000000e9300000, 0x00000000e9300000|100%| E|CS|TAMS 0x00000000e9200000, 0x00000000e9200000| Complete 
| 147|0x00000000e9300000, 0x00000000e9400000, 0x00000000e9400000|100%| E|CS|TAMS 0x00000000e9300000, 0x00000000e9300000| Complete 
| 148|0x00000000e9400000, 0x00000000e9500000, 0x00000000e9500000|100%| E|CS|TAMS 0x00000000e9400000, 0x00000000e9400000| Complete 
| 149|0x00000000e9500000, 0x00000000e9600000, 0x00000000e9600000|100%| E|CS|TAMS 0x00000000e9500000, 0x00000000e9500000| Complete 
| 150|0x00000000e9600000, 0x00000000e9700000, 0x00000000e9700000|100%| E|CS|TAMS 0x00000000e9600000, 0x00000000e9600000| Complete 
| 151|0x00000000e9700000, 0x00000000e9800000, 0x00000000e9800000|100%| E|CS|TAMS 0x00000000e9700000, 0x00000000e9700000| Complete 
| 152|0x00000000e9800000, 0x00000000e9900000, 0x00000000e9900000|100%| E|CS|TAMS 0x00000000e9800000, 0x00000000e9800000| Complete 
| 153|0x00000000e9900000, 0x00000000e9a00000, 0x00000000e9a00000|100%| E|CS|TAMS 0x00000000e9900000, 0x00000000e9900000| Complete 
| 154|0x00000000e9a00000, 0x00000000e9b00000, 0x00000000e9b00000|100%| E|CS|TAMS 0x00000000e9a00000, 0x00000000e9a00000| Complete 
| 155|0x00000000e9b00000, 0x00000000e9c00000, 0x00000000e9c00000|100%| E|CS|TAMS 0x00000000e9b00000, 0x00000000e9b00000| Complete 
| 156|0x00000000e9c00000, 0x00000000e9d00000, 0x00000000e9d00000|100%| E|CS|TAMS 0x00000000e9c00000, 0x00000000e9c00000| Complete 
| 157|0x00000000e9d00000, 0x00000000e9e00000, 0x00000000e9e00000|100%| E|CS|TAMS 0x00000000e9d00000, 0x00000000e9d00000| Complete 
| 158|0x00000000e9e00000, 0x00000000e9f00000, 0x00000000e9f00000|100%| E|CS|TAMS 0x00000000e9e00000, 0x00000000e9e00000| Complete 
| 159|0x00000000e9f00000, 0x00000000ea000000, 0x00000000ea000000|100%| E|CS|TAMS 0x00000000e9f00000, 0x00000000e9f00000| Complete 
| 160|0x00000000ea000000, 0x00000000ea100000, 0x00000000ea100000|100%| E|CS|TAMS 0x00000000ea000000, 0x00000000ea000000| Complete 
| 161|0x00000000ea100000, 0x00000000ea200000, 0x00000000ea200000|100%| E|CS|TAMS 0x00000000ea100000, 0x00000000ea100000| Complete 
| 162|0x00000000ea200000, 0x00000000ea300000, 0x00000000ea300000|100%| E|CS|TAMS 0x00000000ea200000, 0x00000000ea200000| Complete 
| 163|0x00000000ea300000, 0x00000000ea400000, 0x00000000ea400000|100%| E|CS|TAMS 0x00000000ea300000, 0x00000000ea300000| Complete 
| 164|0x00000000ea400000, 0x00000000ea500000, 0x00000000ea500000|100%| E|CS|TAMS 0x00000000ea400000, 0x00000000ea400000| Complete 
| 165|0x00000000ea500000, 0x00000000ea600000, 0x00000000ea600000|100%| E|CS|TAMS 0x00000000ea500000, 0x00000000ea500000| Complete 
| 166|0x00000000ea600000, 0x00000000ea700000, 0x00000000ea700000|100%| E|CS|TAMS 0x00000000ea600000, 0x00000000ea600000| Complete 
| 167|0x00000000ea700000, 0x00000000ea800000, 0x00000000ea800000|100%| E|CS|TAMS 0x00000000ea700000, 0x00000000ea700000| Complete 
| 168|0x00000000ea800000, 0x00000000ea900000, 0x00000000ea900000|100%| E|CS|TAMS 0x00000000ea800000, 0x00000000ea800000| Complete 
| 169|0x00000000ea900000, 0x00000000eaa00000, 0x00000000eaa00000|100%| E|CS|TAMS 0x00000000ea900000, 0x00000000ea900000| Complete 
| 170|0x00000000eaa00000, 0x00000000eab00000, 0x00000000eab00000|100%| E|CS|TAMS 0x00000000eaa00000, 0x00000000eaa00000| Complete 
| 171|0x00000000eab00000, 0x00000000eac00000, 0x00000000eac00000|100%| E|CS|TAMS 0x00000000eab00000, 0x00000000eab00000| Complete 
| 172|0x00000000eac00000, 0x00000000ead00000, 0x00000000ead00000|100%| E|CS|TAMS 0x00000000eac00000, 0x00000000eac00000| Complete 
| 173|0x00000000ead00000, 0x00000000eae00000, 0x00000000eae00000|100%| E|CS|TAMS 0x00000000ead00000, 0x00000000ead00000| Complete 
| 174|0x00000000eae00000, 0x00000000eaf00000, 0x00000000eaf00000|100%| E|CS|TAMS 0x00000000eae00000, 0x00000000eae00000| Complete 
| 175|0x00000000eaf00000, 0x00000000eb000000, 0x00000000eb000000|100%| E|CS|TAMS 0x00000000eaf00000, 0x00000000eaf00000| Complete 
| 176|0x00000000eb000000, 0x00000000eb100000, 0x00000000eb100000|100%| E|CS|TAMS 0x00000000eb000000, 0x00000000eb000000| Complete 
| 177|0x00000000eb100000, 0x00000000eb200000, 0x00000000eb200000|100%| E|CS|TAMS 0x00000000eb100000, 0x00000000eb100000| Complete 
| 178|0x00000000eb200000, 0x00000000eb300000, 0x00000000eb300000|100%| E|CS|TAMS 0x00000000eb200000, 0x00000000eb200000| Complete 
| 179|0x00000000eb300000, 0x00000000eb400000, 0x00000000eb400000|100%| E|CS|TAMS 0x00000000eb300000, 0x00000000eb300000| Complete 
| 180|0x00000000eb400000, 0x00000000eb500000, 0x00000000eb500000|100%| E|CS|TAMS 0x00000000eb400000, 0x00000000eb400000| Complete 
| 181|0x00000000eb500000, 0x00000000eb600000, 0x00000000eb600000|100%| E|CS|TAMS 0x00000000eb500000, 0x00000000eb500000| Complete 
| 182|0x00000000eb600000, 0x00000000eb700000, 0x00000000eb700000|100%| E|CS|TAMS 0x00000000eb600000, 0x00000000eb600000| Complete 
| 183|0x00000000eb700000, 0x00000000eb800000, 0x00000000eb800000|100%| E|CS|TAMS 0x00000000eb700000, 0x00000000eb700000| Complete 
| 184|0x00000000eb800000, 0x00000000eb900000, 0x00000000eb900000|100%| E|CS|TAMS 0x00000000eb800000, 0x00000000eb800000| Complete 
| 185|0x00000000eb900000, 0x00000000eba00000, 0x00000000eba00000|100%| E|CS|TAMS 0x00000000eb900000, 0x00000000eb900000| Complete 
| 186|0x00000000eba00000, 0x00000000ebb00000, 0x00000000ebb00000|100%| E|CS|TAMS 0x00000000eba00000, 0x00000000eba00000| Complete 
| 187|0x00000000ebb00000, 0x00000000ebc00000, 0x00000000ebc00000|100%| E|CS|TAMS 0x00000000ebb00000, 0x00000000ebb00000| Complete 
| 188|0x00000000ebc00000, 0x00000000ebd00000, 0x00000000ebd00000|100%| E|CS|TAMS 0x00000000ebc00000, 0x00000000ebc00000| Complete 
| 189|0x00000000ebd00000, 0x00000000ebe00000, 0x00000000ebe00000|100%| E|CS|TAMS 0x00000000ebd00000, 0x00000000ebd00000| Complete 
| 190|0x00000000ebe00000, 0x00000000ebf00000, 0x00000000ebf00000|100%| E|CS|TAMS 0x00000000ebe00000, 0x00000000ebe00000| Complete 
| 191|0x00000000ebf00000, 0x00000000ec000000, 0x00000000ec000000|100%| E|CS|TAMS 0x00000000ebf00000, 0x00000000ebf00000| Complete 
| 192|0x00000000ec000000, 0x00000000ec100000, 0x00000000ec100000|100%| E|CS|TAMS 0x00000000ec000000, 0x00000000ec000000| Complete 
| 193|0x00000000ec100000, 0x00000000ec200000, 0x00000000ec200000|100%| E|CS|TAMS 0x00000000ec100000, 0x00000000ec100000| Complete 
| 194|0x00000000ec200000, 0x00000000ec300000, 0x00000000ec300000|100%| E|CS|TAMS 0x00000000ec200000, 0x00000000ec200000| Complete 
| 195|0x00000000ec300000, 0x00000000ec400000, 0x00000000ec400000|100%| E|CS|TAMS 0x00000000ec300000, 0x00000000ec300000| Complete 
| 196|0x00000000ec400000, 0x00000000ec500000, 0x00000000ec500000|100%| E|CS|TAMS 0x00000000ec400000, 0x00000000ec400000| Complete 
| 197|0x00000000ec500000, 0x00000000ec600000, 0x00000000ec600000|100%| E|CS|TAMS 0x00000000ec500000, 0x00000000ec500000| Complete 
| 198|0x00000000ec600000, 0x00000000ec700000, 0x00000000ec700000|100%| E|CS|TAMS 0x00000000ec600000, 0x00000000ec600000| Complete 
| 199|0x00000000ec700000, 0x00000000ec800000, 0x00000000ec800000|100%| E|CS|TAMS 0x00000000ec700000, 0x00000000ec700000| Complete 
| 200|0x00000000ec800000, 0x00000000ec900000, 0x00000000ec900000|100%| E|CS|TAMS 0x00000000ec800000, 0x00000000ec800000| Complete 
| 201|0x00000000ec900000, 0x00000000eca00000, 0x00000000eca00000|100%| E|CS|TAMS 0x00000000ec900000, 0x00000000ec900000| Complete 
| 202|0x00000000eca00000, 0x00000000ecb00000, 0x00000000ecb00000|100%| E|CS|TAMS 0x00000000eca00000, 0x00000000eca00000| Complete 
| 203|0x00000000ecb00000, 0x00000000ecc00000, 0x00000000ecc00000|100%| E|CS|TAMS 0x00000000ecb00000, 0x00000000ecb00000| Complete 
| 204|0x00000000ecc00000, 0x00000000ecd00000, 0x00000000ecd00000|100%| E|CS|TAMS 0x00000000ecc00000, 0x00000000ecc00000| Complete 
| 205|0x00000000ecd00000, 0x00000000ece00000, 0x00000000ece00000|100%| E|CS|TAMS 0x00000000ecd00000, 0x00000000ecd00000| Complete 
| 206|0x00000000ece00000, 0x00000000ecf00000, 0x00000000ecf00000|100%| E|CS|TAMS 0x00000000ece00000, 0x00000000ece00000| Complete 
| 207|0x00000000ecf00000, 0x00000000ed000000, 0x00000000ed000000|100%| E|CS|TAMS 0x00000000ecf00000, 0x00000000ecf00000| Complete 
| 208|0x00000000ed000000, 0x00000000ed100000, 0x00000000ed100000|100%| E|CS|TAMS 0x00000000ed000000, 0x00000000ed000000| Complete 
| 209|0x00000000ed100000, 0x00000000ed200000, 0x00000000ed200000|100%| E|CS|TAMS 0x00000000ed100000, 0x00000000ed100000| Complete 
| 210|0x00000000ed200000, 0x00000000ed300000, 0x00000000ed300000|100%| E|CS|TAMS 0x00000000ed200000, 0x00000000ed200000| Complete 
| 211|0x00000000ed300000, 0x00000000ed400000, 0x00000000ed400000|100%| E|CS|TAMS 0x00000000ed300000, 0x00000000ed300000| Complete 
| 212|0x00000000ed400000, 0x00000000ed500000, 0x00000000ed500000|100%| E|CS|TAMS 0x00000000ed400000, 0x00000000ed400000| Complete 
| 213|0x00000000ed500000, 0x00000000ed600000, 0x00000000ed600000|100%| E|CS|TAMS 0x00000000ed500000, 0x00000000ed500000| Complete 
| 214|0x00000000ed600000, 0x00000000ed700000, 0x00000000ed700000|100%| E|CS|TAMS 0x00000000ed600000, 0x00000000ed600000| Complete 
| 215|0x00000000ed700000, 0x00000000ed800000, 0x00000000ed800000|100%| E|CS|TAMS 0x00000000ed700000, 0x00000000ed700000| Complete 
| 216|0x00000000ed800000, 0x00000000ed900000, 0x00000000ed900000|100%| E|CS|TAMS 0x00000000ed800000, 0x00000000ed800000| Complete 
| 217|0x00000000ed900000, 0x00000000eda00000, 0x00000000eda00000|100%| E|CS|TAMS 0x00000000ed900000, 0x00000000ed900000| Complete 
| 218|0x00000000eda00000, 0x00000000edb00000, 0x00000000edb00000|100%| E|CS|TAMS 0x00000000eda00000, 0x00000000eda00000| Complete 
| 219|0x00000000edb00000, 0x00000000edc00000, 0x00000000edc00000|100%| E|CS|TAMS 0x00000000edb00000, 0x00000000edb00000| Complete 
| 220|0x00000000edc00000, 0x00000000edd00000, 0x00000000edd00000|100%| E|CS|TAMS 0x00000000edc00000, 0x00000000edc00000| Complete 
| 221|0x00000000edd00000, 0x00000000ede00000, 0x00000000ede00000|100%| E|CS|TAMS 0x00000000edd00000, 0x00000000edd00000| Complete 
| 222|0x00000000ede00000, 0x00000000edf00000, 0x00000000edf00000|100%| E|CS|TAMS 0x00000000ede00000, 0x00000000ede00000| Complete 
| 223|0x00000000edf00000, 0x00000000ee000000, 0x00000000ee000000|100%| E|CS|TAMS 0x00000000edf00000, 0x00000000edf00000| Complete 
| 224|0x00000000ee000000, 0x00000000ee100000, 0x00000000ee100000|100%| E|CS|TAMS 0x00000000ee000000, 0x00000000ee000000| Complete 
| 225|0x00000000ee100000, 0x00000000ee200000, 0x00000000ee200000|100%| E|CS|TAMS 0x00000000ee100000, 0x00000000ee100000| Complete 
| 226|0x00000000ee200000, 0x00000000ee300000, 0x00000000ee300000|100%| E|CS|TAMS 0x00000000ee200000, 0x00000000ee200000| Complete 
| 227|0x00000000ee300000, 0x00000000ee400000, 0x00000000ee400000|100%| E|CS|TAMS 0x00000000ee300000, 0x00000000ee300000| Complete 
| 228|0x00000000ee400000, 0x00000000ee500000, 0x00000000ee500000|100%| E|CS|TAMS 0x00000000ee400000, 0x00000000ee400000| Complete 
| 229|0x00000000ee500000, 0x00000000ee600000, 0x00000000ee600000|100%| E|CS|TAMS 0x00000000ee500000, 0x00000000ee500000| Complete 
| 230|0x00000000ee600000, 0x00000000ee700000, 0x00000000ee700000|100%| E|CS|TAMS 0x00000000ee600000, 0x00000000ee600000| Complete 
| 231|0x00000000ee700000, 0x00000000ee800000, 0x00000000ee800000|100%| E|CS|TAMS 0x00000000ee700000, 0x00000000ee700000| Complete 
| 232|0x00000000ee800000, 0x00000000ee900000, 0x00000000ee900000|100%| E|CS|TAMS 0x00000000ee800000, 0x00000000ee800000| Complete 
| 233|0x00000000ee900000, 0x00000000eea00000, 0x00000000eea00000|100%| E|CS|TAMS 0x00000000ee900000, 0x00000000ee900000| Complete 
| 234|0x00000000eea00000, 0x00000000eeb00000, 0x00000000eeb00000|100%| E|CS|TAMS 0x00000000eea00000, 0x00000000eea00000| Complete 
| 235|0x00000000eeb00000, 0x00000000eec00000, 0x00000000eec00000|100%| E|CS|TAMS 0x00000000eeb00000, 0x00000000eeb00000| Complete 
| 236|0x00000000eec00000, 0x00000000eed00000, 0x00000000eed00000|100%| E|CS|TAMS 0x00000000eec00000, 0x00000000eec00000| Complete 
| 237|0x00000000eed00000, 0x00000000eee00000, 0x00000000eee00000|100%| E|CS|TAMS 0x00000000eed00000, 0x00000000eed00000| Complete 
| 238|0x00000000eee00000, 0x00000000eef00000, 0x00000000eef00000|100%| E|CS|TAMS 0x00000000eee00000, 0x00000000eee00000| Complete 
| 239|0x00000000eef00000, 0x00000000ef000000, 0x00000000ef000000|100%| E|CS|TAMS 0x00000000eef00000, 0x00000000eef00000| Complete 
| 240|0x00000000ef000000, 0x00000000ef100000, 0x00000000ef100000|100%| E|CS|TAMS 0x00000000ef000000, 0x00000000ef000000| Complete 
| 241|0x00000000ef100000, 0x00000000ef200000, 0x00000000ef200000|100%| E|CS|TAMS 0x00000000ef100000, 0x00000000ef100000| Complete 
| 242|0x00000000ef200000, 0x00000000ef300000, 0x00000000ef300000|100%| E|CS|TAMS 0x00000000ef200000, 0x00000000ef200000| Complete 
| 243|0x00000000ef300000, 0x00000000ef400000, 0x00000000ef400000|100%| E|CS|TAMS 0x00000000ef300000, 0x00000000ef300000| Complete 
| 244|0x00000000ef400000, 0x00000000ef500000, 0x00000000ef500000|100%| E|CS|TAMS 0x00000000ef400000, 0x00000000ef400000| Complete 
| 245|0x00000000ef500000, 0x00000000ef600000, 0x00000000ef600000|100%| E|CS|TAMS 0x00000000ef500000, 0x00000000ef500000| Complete 
| 246|0x00000000ef600000, 0x00000000ef700000, 0x00000000ef700000|100%| E|CS|TAMS 0x00000000ef600000, 0x00000000ef600000| Complete 
| 247|0x00000000ef700000, 0x00000000ef800000, 0x00000000ef800000|100%| S|CS|TAMS 0x00000000ef700000, 0x00000000ef700000| Complete 
| 248|0x00000000ef800000, 0x00000000ef900000, 0x00000000ef900000|100%| S|CS|TAMS 0x00000000ef800000, 0x00000000ef800000| Complete 
| 249|0x00000000ef900000, 0x00000000efa00000, 0x00000000efa00000|100%| S|CS|TAMS 0x00000000ef900000, 0x00000000ef900000| Complete 
| 250|0x00000000efa00000, 0x00000000efb00000, 0x00000000efb00000|100%| S|CS|TAMS 0x00000000efa00000, 0x00000000efa00000| Complete 
| 251|0x00000000efb00000, 0x00000000efc00000, 0x00000000efc00000|100%| S|CS|TAMS 0x00000000efb00000, 0x00000000efb00000| Complete 
| 252|0x00000000efc00000, 0x00000000efd00000, 0x00000000efd00000|100%| S|CS|TAMS 0x00000000efc00000, 0x00000000efc00000| Complete 
| 253|0x00000000efd00000, 0x00000000efe00000, 0x00000000efe00000|100%| E|CS|TAMS 0x00000000efd00000, 0x00000000efd00000| Complete 
| 254|0x00000000efe00000, 0x00000000eff00000, 0x00000000eff00000|100%| E|CS|TAMS 0x00000000efe00000, 0x00000000efe00000| Complete 
| 255|0x00000000eff00000, 0x00000000f0000000, 0x00000000f0000000|100%| E|CS|TAMS 0x00000000eff00000, 0x00000000eff00000| Complete 

Card table byte_map: [0x000001dd73110000,0x000001dd73210000] _byte_map_base: 0x000001dd72a10000

Marking Bits (Prev, Next): (CMBitMap*) 0x000001dd5b06bcb0, (CMBitMap*) 0x000001dd5b06bc78
 Prev Bits: [0x000001dd73b10000, 0x000001dd74310000)
 Next Bits: [0x000001dd73310000, 0x000001dd73b10000)

Polling page: 0x000001dd59710000

Metaspace:

Usage:
  Non-class:     56.45 MB capacity,    54.96 MB ( 97%) used,     1.27 MB (  2%) free+waste,   226.38 KB ( <1%) overhead. 
      Class:      9.32 MB capacity,     8.47 MB ( 91%) used,   756.44 KB (  8%) free+waste,   111.75 KB (  1%) overhead. 
       Both:     65.76 MB capacity,    63.43 MB ( 96%) used,     2.01 MB (  3%) free+waste,   338.13 KB ( <1%) overhead. 

Virtual space:
  Non-class space:       58.00 MB reserved,      56.67 MB ( 98%) committed 
      Class space:      376.00 MB reserved,       9.38 MB (  2%) committed 
             Both:      434.00 MB reserved,      66.05 MB ( 15%) committed 

Chunk freelists:
   Non-Class:  4.75 KB
       Class:  128 bytes
        Both:  4.88 KB

CodeHeap 'non-profiled nmethods': size=120000Kb used=3909Kb max_used=3909Kb free=116090Kb
 bounds [0x000001dd6ae40000, 0x000001dd6b220000, 0x000001dd72370000]
CodeHeap 'profiled nmethods': size=120000Kb used=12941Kb max_used=12941Kb free=107058Kb
 bounds [0x000001dd63910000, 0x000001dd645c0000, 0x000001dd6ae40000]
CodeHeap 'non-nmethods': size=5760Kb used=2260Kb max_used=2319Kb free=3499Kb
 bounds [0x000001dd63370000, 0x000001dd635e0000, 0x000001dd63910000]
 total_blobs=8579 nmethods=5943 adapters=762
 compilation: enabled
              stopped_count=0, restarted_count=0
 full_count=0

Compilation events (10 events):
Event: 5.806 Thread 0x000001dd778e4000 nmethod 6208 0x000001dd64592e90 code [0x000001dd645930a0, 0x000001dd645935f0]
Event: 5.807 Thread 0x000001dd778e4000 6209       1       org.gradle.internal.instantiation.generator.AbstractClassGenerator$MethodMetadata::getGenericReturnType (5 bytes)
Event: 5.807 Thread 0x000001dd778e4000 nmethod 6209 0x000001dd6b20cf10 code [0x000001dd6b20d0c0, 0x000001dd6b20d1d8]
Event: 5.811 Thread 0x000001dd778e4000 6211       3       sun.reflect.annotation.AnnotationParser::skipMemberValue (11 bytes)
Event: 5.812 Thread 0x000001dd778e4000 nmethod 6211 0x000001dd64593890 code [0x000001dd64593a60, 0x000001dd64593ca0]
Event: 5.813 Thread 0x000001dd778e4000 6213       3       org.gradle.internal.instantiation.generator.AsmBackedClassGenerator$ClassBuilderImpl$$Lambda$135/0x0000000100258840::<init> (50 bytes)
Event: 5.813 Thread 0x000001dd778e4000 nmethod 6213 0x000001dd64593d90 code [0x000001dd64593f60, 0x000001dd64594378]
Event: 5.814 Thread 0x000001dd778e4000 6214       1       org.gradle.api.internal.provider.AbstractProperty$NonFinalizedValue::setConvention (6 bytes)
Event: 5.814 Thread 0x000001dd778e4000 nmethod 6214 0x000001dd6b20d290 code [0x000001dd6b20d440, 0x000001dd6b20d598]
Event: 5.815 Thread 0x000001dd778e4000 6215   !   3       org.gradle.internal.instantiation.generator.AbstractClassGenerator::generateUnderLock (702 bytes)

GC Heap History (10 events):
Event: 2.187 GC heap before
{Heap before GC invocations=3 (full 0):
 garbage-first heap   total 262144K, used 79119K [0x00000000e0000000, 0x0000000100000000)
  region size 1024K, 70 young (71680K), 11 survivors (11264K)
 Metaspace       used 25378K, capacity 26091K, committed 26288K, reserved 409600K
  class space    used 3261K, capacity 3482K, committed 3584K, reserved 385024K
}
Event: 2.191 GC heap after
{Heap after GC invocations=4 (full 0):
 garbage-first heap   total 262144K, used 20213K [0x00000000e0000000, 0x0000000100000000)
  region size 1024K, 3 young (3072K), 3 survivors (3072K)
 Metaspace       used 25378K, capacity 26091K, committed 26288K, reserved 409600K
  class space    used 3261K, capacity 3482K, committed 3584K, reserved 385024K
}
Event: 2.887 GC heap before
{Heap before GC invocations=4 (full 0):
 garbage-first heap   total 262144K, used 141045K [0x00000000e0000000, 0x0000000100000000)
  region size 1024K, 112 young (114688K), 3 survivors (3072K)
 Metaspace       used 34726K, capacity 35782K, committed 35920K, reserved 417792K
  class space    used 4713K, capacity 5092K, committed 5120K, reserved 385024K
}
Event: 2.894 GC heap after
{Heap after GC invocations=5 (full 0):
 garbage-first heap   total 262144K, used 36818K [0x00000000e0000000, 0x0000000100000000)
  region size 1024K, 8 young (8192K), 8 survivors (8192K)
 Metaspace       used 34726K, capacity 35782K, committed 35920K, reserved 417792K
  class space    used 4713K, capacity 5092K, committed 5120K, reserved 385024K
}
Event: 3.921 GC heap before
{Heap before GC invocations=6 (full 0):
 garbage-first heap   total 262144K, used 194514K [0x00000000e0000000, 0x0000000100000000)
  region size 1024K, 153 young (156672K), 8 survivors (8192K)
 Metaspace       used 49110K, capacity 50604K, committed 50864K, reserved 430080K
  class space    used 6281K, capacity 6818K, committed 6912K, reserved 385024K
}
Event: 3.930 GC heap after
{Heap after GC invocations=7 (full 0):
 garbage-first heap   total 262144K, used 51372K [0x00000000e0000000, 0x0000000100000000)
  region size 1024K, 19 young (19456K), 19 survivors (19456K)
 Metaspace       used 49110K, capacity 50604K, committed 50864K, reserved 430080K
  class space    used 6281K, capacity 6818K, committed 6912K, reserved 385024K
}
Event: 4.903 GC heap before
{Heap before GC invocations=7 (full 0):
 garbage-first heap   total 262144K, used 187564K [0x00000000e0000000, 0x0000000100000000)
  region size 1024K, 153 young (156672K), 19 survivors (19456K)
 Metaspace       used 58221K, capacity 60112K, committed 60208K, reserved 438272K
  class space    used 7652K, capacity 8307K, committed 8320K, reserved 385024K
}
Event: 4.913 GC heap after
{Heap after GC invocations=8 (full 0):
 garbage-first heap   total 262144K, used 56044K [0x00000000e0000000, 0x0000000100000000)
  region size 1024K, 7 young (7168K), 7 survivors (7168K)
 Metaspace       used 58221K, capacity 60112K, committed 60208K, reserved 438272K
  class space    used 7652K, capacity 8307K, committed 8320K, reserved 385024K
}
Event: 4.929 GC heap before
{Heap before GC invocations=8 (full 0):
 garbage-first heap   total 262144K, used 58092K [0x00000000e0000000, 0x0000000100000000)
  region size 1024K, 10 young (10240K), 7 survivors (7168K)
 Metaspace       used 58355K, capacity 60274K, committed 60420K, reserved 438272K
  class space    used 7673K, capacity 8382K, committed 8448K, reserved 385024K
}
Event: 4.933 GC heap after
{Heap after GC invocations=9 (full 0):
 garbage-first heap   total 262144K, used 55580K [0x00000000e0000000, 0x0000000100000000)
  region size 1024K, 6 young (6144K), 6 survivors (6144K)
 Metaspace       used 58355K, capacity 60274K, committed 60420K, reserved 438272K
  class space    used 7673K, capacity 8382K, committed 8448K, reserved 385024K
}

Deoptimization events (10 events):
Event: 5.385 Thread 0x000001dd79c1b000 Uncommon trap: reason=bimorphic_or_optimized_type_check action=maybe_recompile pc=0x000001dd6b0393a0 method=java.util.regex.Pattern$Start.match(Ljava/util/regex/Matcher;ILjava/lang/CharSequence;)Z @ 44 c2
Event: 5.385 Thread 0x000001dd79c1b000 Uncommon trap: reason=bimorphic_or_optimized_type_check action=maybe_recompile pc=0x000001dd6b0393a0 method=java.util.regex.Pattern$Start.match(Ljava/util/regex/Matcher;ILjava/lang/CharSequence;)Z @ 44 c2
Event: 5.385 Thread 0x000001dd79c1b000 Uncommon trap: reason=bimorphic_or_optimized_type_check action=maybe_recompile pc=0x000001dd6b0393a0 method=java.util.regex.Pattern$Start.match(Ljava/util/regex/Matcher;ILjava/lang/CharSequence;)Z @ 44 c2
Event: 5.385 Thread 0x000001dd79c1b000 Uncommon trap: reason=bimorphic_or_optimized_type_check action=maybe_recompile pc=0x000001dd6b0253f8 method=java.util.regex.Pattern$Start.match(Ljava/util/regex/Matcher;ILjava/lang/CharSequence;)Z @ 44 c2
Event: 5.395 Thread 0x000001dd79c1b000 Uncommon trap: reason=array_check action=maybe_recompile pc=0x000001dd6b1bd708 method=java.util.AbstractCollection.toArray([Ljava/lang/Object;)[Ljava/lang/Object; @ 116 c2
Event: 5.398 Thread 0x000001dd79c1b000 Uncommon trap: reason=array_check action=maybe_recompile pc=0x000001dd6b1bd708 method=java.util.AbstractCollection.toArray([Ljava/lang/Object;)[Ljava/lang/Object; @ 116 c2
Event: 5.398 Thread 0x000001dd79c1b000 Uncommon trap: reason=array_check action=maybe_recompile pc=0x000001dd6b1bd708 method=java.util.AbstractCollection.toArray([Ljava/lang/Object;)[Ljava/lang/Object; @ 116 c2
Event: 5.398 Thread 0x000001dd79c1b000 Uncommon trap: reason=array_check action=maybe_recompile pc=0x000001dd6b1bd708 method=java.util.AbstractCollection.toArray([Ljava/lang/Object;)[Ljava/lang/Object; @ 116 c2
Event: 5.465 Thread 0x000001dd79c1b000 Uncommon trap: reason=intrinsic_or_type_checked_inlining action=make_not_entrant pc=0x000001dd6b18ef64 method=java.util.ArrayList$SubList.toArray([Ljava/lang/Object;)[Ljava/lang/Object; @ 58 c2
Event: 5.477 Thread 0x000001dd79c1b000 Uncommon trap: reason=unstable_if action=reinterpret pc=0x000001dd6aff0fb0 method=jdk.internal.org.objectweb.asm.ByteVector.putInt(I)Ljdk/internal/org/objectweb/asm/ByteVector; @ 13 c2

Classes redefined (0 events):
No events

Internal exceptions (10 events):
Event: 5.778 Thread 0x000001dd79c1b000 Exception <a 'java/lang/ClassNotFoundException'{0x00000000e9dee150}: org/gradle/api/internal/DefaultNamedDomainObjectSetCustomizer> (0x00000000e9dee150) thrown at [t:/workspace/open/src/hotspot/share/classfile/systemDictionary.cpp, line 231]
Event: 5.780 Thread 0x000001dd79c1b000 Exception <a 'java/lang/ClassNotFoundException'{0x00000000e9c363e8}: org/gradle/api/internal/tasks/DefaultTaskCollectionCustomizer> (0x00000000e9c363e8) thrown at [t:/workspace/open/src/hotspot/share/classfile/systemDictionary.cpp, line 231]
Event: 5.781 Thread 0x000001dd79c1b000 Exception <a 'java/lang/ClassNotFoundException'{0x00000000e9c94008}: org/gradle/api/internal/tasks/DefaultTaskContainerCustomizer> (0x00000000e9c94008) thrown at [t:/workspace/open/src/hotspot/share/classfile/systemDictionary.cpp, line 231]
Event: 5.783 Thread 0x000001dd79c1b000 Exception <a 'java/lang/ClassNotFoundException'{0x00000000e9b12d30}: org/gradle/api/internal/tasks/DefaultTaskContainer_DecoratedCustomizer> (0x00000000e9b12d30) thrown at [t:/workspace/open/src/hotspot/share/classfile/systemDictionary.cpp, line 231]
Event: 5.792 Thread 0x000001dd79c1b000 Exception <a 'java/lang/ClassNotFoundException'{0x00000000e9a93d68}: org/gradle/api/tasks/Delete_DecoratedBeanInfo> (0x00000000e9a93d68) thrown at [t:/workspace/open/src/hotspot/share/classfile/systemDictionary.cpp, line 231]
Event: 5.792 Thread 0x000001dd79c1b000 Exception <a 'java/lang/ClassNotFoundException'{0x00000000e9abd348}: org/gradle/api/tasks/DeleteBeanInfo> (0x00000000e9abd348) thrown at [t:/workspace/open/src/hotspot/share/classfile/systemDictionary.cpp, line 231]
Event: 5.793 Thread 0x000001dd79c1b000 Exception <a 'java/lang/ClassNotFoundException'{0x00000000e9ae96b8}: org/gradle/api/internal/ConventionTaskBeanInfo> (0x00000000e9ae96b8) thrown at [t:/workspace/open/src/hotspot/share/classfile/systemDictionary.cpp, line 231]
Event: 5.793 Thread 0x000001dd79c1b000 Exception <a 'java/lang/ClassNotFoundException'{0x00000000e99160e0}: org/gradle/api/internal/ConventionTaskCustomizer> (0x00000000e99160e0) thrown at [t:/workspace/open/src/hotspot/share/classfile/systemDictionary.cpp, line 231]
Event: 5.794 Thread 0x000001dd79c1b000 Exception <a 'java/lang/ClassNotFoundException'{0x00000000e994e9a0}: org/gradle/api/tasks/DeleteCustomizer> (0x00000000e994e9a0) thrown at [t:/workspace/open/src/hotspot/share/classfile/systemDictionary.cpp, line 231]
Event: 5.795 Thread 0x000001dd79c1b000 Exception <a 'java/lang/ClassNotFoundException'{0x00000000e998ee60}: org/gradle/api/tasks/Delete_DecoratedCustomizer> (0x00000000e998ee60) thrown at [t:/workspace/open/src/hotspot/share/classfile/systemDictionary.cpp, line 231]

Events (10 events):
Event: 5.817 loading class org/gradle/api/internal/provider/WithSideEffectProvider
Event: 5.817 loading class org/gradle/api/internal/provider/WithSideEffectProvider done
Event: 5.817 loading class org/gradle/jvm/toolchain/internal/JavaToolchain
Event: 5.817 loading class org/gradle/jvm/toolchain/internal/JavaToolchain done
Event: 5.817 loading class org/gradle/jvm/toolchain/internal/JavaToolchain
Event: 5.817 loading class org/gradle/jvm/toolchain/internal/JavaToolchain done
Event: 5.817 loading class org/gradle/jvm/toolchain/internal/DefaultJavaToolchainService
Event: 5.817 loading class org/gradle/jvm/toolchain/internal/DefaultJavaToolchainService done
Event: 5.817 loading class org/gradle/api/internal/provider/OrElseProvider
Event: 5.817 loading class org/gradle/api/internal/provider/OrElseProvider done


Dynamic libraries:
0x00007ff6b1f80000 - 0x00007ff6b1fc5000 	C:\dev\jdk-11\bin\java.exe
0x00007ffdf8bd0000 - 0x00007ffdf8dc7000 	C:\windows\SYSTEM32\ntdll.dll
0x00007ffdf8990000 - 0x00007ffdf8a4d000 	C:\windows\System32\KERNEL32.DLL
0x00007ffdf65f0000 - 0x00007ffdf68e6000 	C:\windows\System32\KERNELBASE.dll
0x00007ffdf74a0000 - 0x00007ffdf763e000 	C:\windows\System32\USER32.dll
0x00007ffdf6c00000 - 0x00007ffdf6c22000 	C:\windows\System32\win32u.dll
0x00007ffdf8390000 - 0x00007ffdf83bc000 	C:\windows\System32\GDI32.dll
0x00007ffdf64d0000 - 0x00007ffdf65ea000 	C:\windows\System32\gdi32full.dll
0x00007ffdf63e0000 - 0x00007ffdf647d000 	C:\windows\System32\msvcp_win.dll
0x00007ffdf62b0000 - 0x00007ffdf63b0000 	C:\windows\System32\ucrtbase.dll
0x00007ffde8560000 - 0x00007ffde87fa000 	C:\windows\WinSxS\amd64_microsoft.windows.common-controls_6595b64144ccf1df_6.0.19041.3570_none_60bb2a3971f3e41a\COMCTL32.dll
0x00007ffdf78f0000 - 0x00007ffdf798e000 	C:\windows\System32\msvcrt.dll
0x00007ffdf8290000 - 0x00007ffdf82c0000 	C:\windows\System32\IMM32.DLL
0x00007ffdec680000 - 0x00007ffdec696000 	C:\dev\jdk-11\bin\vcruntime140.dll
0x00007ffdba350000 - 0x00007ffdba3fa000 	C:\dev\jdk-11\bin\msvcp140.dll
0x00007ffdb7370000 - 0x00007ffdb7eb1000 	C:\dev\jdk-11\bin\server\jvm.dll
0x00007ffdf8ae0000 - 0x00007ffdf8b8e000 	C:\windows\System32\ADVAPI32.dll
0x00007ffdf84e0000 - 0x00007ffdf857c000 	C:\windows\System32\sechost.dll
0x00007ffdf7100000 - 0x00007ffdf7226000 	C:\windows\System32\RPCRT4.dll
0x00007ffdf78e0000 - 0x00007ffdf78e8000 	C:\windows\System32\PSAPI.DLL
0x00007ffdec1d0000 - 0x00007ffdec1da000 	C:\windows\SYSTEM32\VERSION.dll
0x00007ffdef8b0000 - 0x00007ffdef8b9000 	C:\windows\SYSTEM32\WSOCK32.dll
0x00007ffdea480000 - 0x00007ffdea4a7000 	C:\windows\SYSTEM32\WINMM.dll
0x00007ffdf76c0000 - 0x00007ffdf772b000 	C:\windows\System32\WS2_32.dll
0x00007ffdf4aa0000 - 0x00007ffdf4ab2000 	C:\windows\SYSTEM32\kernel.appcore.dll
0x00007ffdebce0000 - 0x00007ffdebcf1000 	C:\dev\jdk-11\bin\verify.dll
0x00007ffdf47c0000 - 0x00007ffdf49a4000 	C:\windows\SYSTEM32\DBGHELP.DLL
0x00007ffdda190000 - 0x00007ffdda1c4000 	C:\windows\SYSTEM32\dbgcore.DLL
0x00007ffdf68f0000 - 0x00007ffdf6972000 	C:\windows\System32\bcryptPrimitives.dll
0x00007ffde4840000 - 0x00007ffde4868000 	C:\dev\jdk-11\bin\java.dll
0x00007ffdd3e60000 - 0x00007ffdd3e8f000 	C:\dev\jdk-11\bin\instrument.dll
0x00007ffdea5d0000 - 0x00007ffdea5e6000 	C:\dev\jdk-11\bin\zip.dll
0x00007ffdeeb50000 - 0x00007ffdeeb5a000 	C:\dev\jdk-11\bin\jimage.dll
0x00007ffdf7a50000 - 0x00007ffdf8194000 	C:\windows\System32\SHELL32.dll
0x00007ffdf3f50000 - 0x00007ffdf46eb000 	C:\windows\SYSTEM32\windows.storage.dll
0x00007ffdf8580000 - 0x00007ffdf88d4000 	C:\windows\System32\combase.dll
0x00007ffdf5b40000 - 0x00007ffdf5b6d000 	C:\windows\SYSTEM32\Wldp.dll
0x00007ffdf7230000 - 0x00007ffdf72dd000 	C:\windows\System32\SHCORE.dll
0x00007ffdf72f0000 - 0x00007ffdf7345000 	C:\windows\System32\shlwapi.dll
0x00007ffdf61e0000 - 0x00007ffdf6205000 	C:\windows\SYSTEM32\profapi.dll
0x00007ffde94c0000 - 0x00007ffde94d9000 	C:\dev\jdk-11\bin\net.dll
0x00007ffdedb20000 - 0x00007ffdedc2a000 	C:\windows\SYSTEM32\WINHTTP.dll
0x00007ffdf5920000 - 0x00007ffdf598a000 	C:\windows\system32\mswsock.dll
0x00007ffde89b0000 - 0x00007ffde89c3000 	C:\dev\jdk-11\bin\nio.dll
0x00007ffdd3f40000 - 0x00007ffdd3f67000 	C:\Users\SSAFY\.gradle\native\68d5fa5c4cc2d200863cafc0d521ce42e7d3e7ee720ec0a83991735586a16f82\windows-amd64\native-platform.dll
0x00007ffdba200000 - 0x00007ffdba344000 	C:\Users\SSAFY\.gradle\native\e376f236ea51e6404a007f0833ffe2c6e607c4080706a723a18a27aeea778392\windows-amd64\native-platform-file-events.dll
0x00007ffdeaa70000 - 0x00007ffdeaa79000 	C:\dev\jdk-11\bin\management.dll
0x00007ffde97a0000 - 0x00007ffde97ac000 	C:\dev\jdk-11\bin\management_ext.dll
0x00007ffdf5be0000 - 0x00007ffdf5bf8000 	C:\windows\SYSTEM32\CRYPTSP.dll
0x00007ffdf5250000 - 0x00007ffdf5284000 	C:\windows\system32\rsaenh.dll
0x00007ffdf63b0000 - 0x00007ffdf63d7000 	C:\windows\System32\bcrypt.dll
0x00007ffdf61a0000 - 0x00007ffdf61ce000 	C:\windows\SYSTEM32\USERENV.dll
0x00007ffdf5ab0000 - 0x00007ffdf5abc000 	C:\windows\SYSTEM32\CRYPTBASE.dll
0x00007ffdf5630000 - 0x00007ffdf566b000 	C:\windows\SYSTEM32\IPHLPAPI.DLL
0x00007ffdf8280000 - 0x00007ffdf8288000 	C:\windows\System32\NSI.dll
0x00007ffdec0e0000 - 0x00007ffdec0f7000 	C:\windows\SYSTEM32\dhcpcsvc6.DLL
0x00007ffdedaa0000 - 0x00007ffdedabd000 	C:\windows\SYSTEM32\dhcpcsvc.DLL
0x00007ffdf5670000 - 0x00007ffdf573a000 	C:\windows\SYSTEM32\DNSAPI.dll

dbghelp: loaded successfully - version: 4.0.5 - missing functions: none
symbol engine: initialized successfully - sym options: 0x614 - pdb path: .;C:\dev\jdk-11\bin;C:\windows\SYSTEM32;C:\windows\WinSxS\amd64_microsoft.windows.common-controls_6595b64144ccf1df_6.0.19041.3570_none_60bb2a3971f3e41a;C:\dev\jdk-11\bin\server;C:\Users\SSAFY\.gradle\native\68d5fa5c4cc2d200863cafc0d521ce42e7d3e7ee720ec0a83991735586a16f82\windows-amd64;C:\Users\SSAFY\.gradle\native\e376f236ea51e6404a007f0833ffe2c6e607c4080706a723a18a27aeea778392\windows-amd64

VM Arguments:
jvm_args: --add-opens=java.base/java.util=ALL-UNNAMED --add-opens=java.base/java.lang=ALL-UNNAMED --add-opens=java.base/java.lang.invoke=ALL-UNNAMED --add-opens=java.prefs/java.util.prefs=ALL-UNNAMED --add-opens=java.base/java.nio.charset=ALL-UNNAMED --add-opens=java.base/java.net=ALL-UNNAMED --add-opens=java.base/java.util.concurrent.atomic=ALL-UNNAMED -XX:MaxMetaspaceSize=384m -XX:+HeapDumpOnOutOfMemoryError -Xms256m -Xmx512m -Dfile.encoding=x-windows-949 -Duser.country=KR -Duser.language=ko -Duser.variant -javaagent:C:\Users\SSAFY\.gradle\wrapper\dists\gradle-8.3-bin\dxjbbhstwasg8cbags9q7cvli\gradle-8.3\lib\agents\gradle-instrumentation-agent-8.3.jar 
java_command: org.gradle.launcher.daemon.bootstrap.GradleDaemon 8.3
java_class_path (initial): C:\Users\SSAFY\.gradle\wrapper\dists\gradle-8.3-bin\dxjbbhstwasg8cbags9q7cvli\gradle-8.3\lib\gradle-launcher-8.3.jar
Launcher Type: SUN_STANDARD

[Global flags]
     intx CICompilerCount                          = 4                                         {product} {ergonomic}
   size_t CompressedClassSpaceSize                 = 394264576                                 {product} {ergonomic}
     uint ConcGCThreads                            = 3                                         {product} {ergonomic}
     uint G1ConcRefinementThreads                  = 10                                        {product} {ergonomic}
   size_t G1HeapRegionSize                         = 1048576                                   {product} {ergonomic}
    uintx GCDrainStackTargetSize                   = 64                                        {product} {ergonomic}
     bool HeapDumpOnOutOfMemoryError               = true                                   {manageable} {command line}
   size_t InitialHeapSize                          = 268435456                                 {product} {command line}
   size_t MarkStackSize                            = 4194304                                   {product} {ergonomic}
   size_t MaxHeapSize                              = 536870912                                 {product} {command line}
   size_t MaxMetaspaceSize                         = 402653184                                 {product} {command line}
   size_t MaxNewSize                               = 321912832                                 {product} {ergonomic}
   size_t MinHeapDeltaBytes                        = 1048576                                   {product} {ergonomic}
    uintx NonNMethodCodeHeapSize                   = 5835340                                {pd product} {ergonomic}
    uintx NonProfiledCodeHeapSize                  = 122911450                              {pd product} {ergonomic}
    uintx ProfiledCodeHeapSize                     = 122911450                              {pd product} {ergonomic}
    uintx ReservedCodeCacheSize                    = 251658240                              {pd product} {ergonomic}
     bool SegmentedCodeCache                       = true                                      {product} {ergonomic}
     bool UseCompressedClassPointers               = true                                 {lp64_product} {ergonomic}
     bool UseCompressedOops                        = true                                 {lp64_product} {ergonomic}
     bool UseG1GC                                  = true                                      {product} {ergonomic}
     bool UseLargePagesIndividualAllocation        = false                                  {pd product} {ergonomic}

Logging:
Log output configuration:
 #0: stdout all=warning uptime,level,tags
 #1: stderr all=off uptime,level,tags

Environment Variables:
JAVA_HOME=C:\dev\jdk-11
PATH=C:\dev\jdk-11\bin;C:\Program Files\NVIDIA GPU Computing Toolkit\CUDA\v10.0\bin;C:\Program Files\NVIDIA GPU Computing Toolkit\CUDA\v10.0\libnvvp;C:\Python37\Scripts\;C:\Python37\;C:\windows\system32;C:\windows;C:\windows\System32\Wbem;C:\windows\System32\WindowsPowerShell\v1.0\;C:\windows\System32\OpenSSH\;C:\Program Files\Git\cmd;C:\Program Files\Bandizip\;C:\Program Files\Git LFS;C:\ProgramData\chocolatey\bin;C:\ProgramData\chocolatey\lib\cunit\lib;C:\ProgramData\chocolatey\lib\tinyxml2\lib;C:\ProgramData\chocolatey\lib\log4cxx\lib;C:\ProgramData\chocolatey\lib\bullet\lib;C:\Program Files (x86)\NVIDIA Corporation\PhysX\Common;C:\Program Files\NVIDIA Corporation\NVIDIA NvDLISR;C:\Program Files\Docker\Docker\resources\bin;C:\Program Files\nodejs\;C:\Program Files\MySQL\MySQL Shell 8.0\bin\;C:\Users\SSAFY\AppData\Local\Microsoft\WindowsApps;C:\Users\SSAFY\AppData\Local\Programs\Microsoft VS Code\bin;C:\Program Files\JetBrains\IntelliJ IDEA 2023.1.3\bin;C:\Users\SSAFY\AppData\Local\JetBrains\Toolbox\scripts;C:\OpenSSL-Win64\bin\;C:\Program Files\CMake\bin;C:\Users\SSAFY\Desktop\protoc-3.2.0-win32\bin;C:\Users\SSAFY\Desktop\models;C:\Users\SSAFY\Desktop\models\research;C:\Users\SSAFY\Desktop\models\research\slim;C:\Users\SSAFY\Desktop\models\research\object_detection;C:\Users\SSAFY\AppData\Roaming\npm
USERNAME=SSAFY
OS=Windows_NT
PROCESSOR_IDENTIFIER=Intel64 Family 6 Model 165 Stepping 2, GenuineIntel



---------------  S Y S T E M  ---------------

OS: Windows 10 , 64 bit Build 19041 (10.0.19041.3570)

CPU:total 12 (initial active 12) (6 cores per cpu, 2 threads per core) family 6 model 165 stepping 2, cmov, cx8, fxsr, mmx, sse, sse2, sse3, ssse3, sse4.1, sse4.2, popcnt, avx, avx2, aes, clmul, erms, 3dnowpref, lzcnt, ht, tsc, tscinvbit, bmi1, bmi2, adx, fma

Memory: 4k page, system-wide physical 16304M (2094M free)
TotalPageFile size 22172M (AvailPageFile size 5M)
current process WorkingSet (physical memory assigned to process): 433M, peak: 436M
current process commit charge ("private bytes"): 519M, peak: 520M

vm_info: OpenJDK 64-Bit Server VM (11+28) for windows-amd64 JRE (11+28), built on Aug 23 2018 03:04:58 by "mach5one" with MS VC++ 15.5 (VS2017)

END.
