#
# There is insufficient memory for the Java Runtime Environment to continue.
# Native memory allocation (malloc) failed to allocate 1439536 bytes for Chunk::new
# Possible reasons:
#   The system is out of physical RAM or swap space
#   The process is running with CompressedOops enabled, and the Java Heap may be blocking the growth of the native heap
# Possible solutions:
#   Reduce memory load on the system
#   Increase physical memory or swap space
#   Check if swap backing store is full
#   Decrease Java heap size (-Xmx/-Xms)
#   Decrease number of Java threads
#   Decrease Java thread stack sizes (-Xss)
#   Set larger code cache with -XX:ReservedCodeCacheSize=
#   JVM is running with Unscaled Compressed Oops mode in which the Java heap is
#     placed in the first 4GB address space. The Java Heap base address is the
#     maximum limit for the native heap growth. Please use -XX:HeapBaseMinAddress
#     to set the Java Heap base and to place the Java Heap above 4GB virtual address.
# This output file may be truncated or incomplete.
#
#  Out of Memory Error (t:/workspace/open/src/hotspot/share/memory/arena.cpp:197), pid=30128, tid=45700
#
# JRE version: OpenJDK Runtime Environment (11.0+28) (build 11+28)
# Java VM: OpenJDK 64-Bit Server VM (11+28, mixed mode, tiered, compressed oops, g1 gc, windows-amd64)
# No core dump will be written. Minidumps are not enabled by default on client versions of Windows
#

---------------  S U M M A R Y ------------

Command Line: --add-opens=java.base/java.util=ALL-UNNAMED --add-opens=java.base/java.lang=ALL-UNNAMED --add-opens=java.base/java.lang.invoke=ALL-UNNAMED --add-opens=java.prefs/java.util.prefs=ALL-UNNAMED --add-opens=java.base/java.nio.charset=ALL-UNNAMED --add-opens=java.base/java.net=ALL-UNNAMED --add-opens=java.base/java.util.concurrent.atomic=ALL-UNNAMED -XX:MaxMetaspaceSize=384m -XX:+HeapDumpOnOutOfMemoryError -Xms256m -Xmx512m -Dfile.encoding=x-windows-949 -Duser.country=KR -Duser.language=ko -Duser.variant -javaagent:C:\Users\SSAFY\.gradle\wrapper\dists\gradle-8.3-bin\dxjbbhstwasg8cbags9q7cvli\gradle-8.3\lib\agents\gradle-instrumentation-agent-8.3.jar org.gradle.launcher.daemon.bootstrap.GradleDaemon 8.3

Host: Intel(R) Core(TM) i7-10750H CPU @ 2.60GHz, 12 cores, 15G,  Windows 10 , 64 bit Build 19041 (10.0.19041.3570)
Time: Mon Nov 13 15:47:26 2023 대한민국 표준시 elapsed time: 4 seconds (0d 0h 0m 4s)

---------------  T H R E A D  ---------------

Current thread (0x000002a2d5b1d800):  JavaThread "C2 CompilerThread2" daemon [_thread_in_native, id=45700, stack(0x000000ad4ea00000,0x000000ad4eb00000)]


Current CompileTask:
C2:   4663 4548       4       java.net.URLClassLoader$1::run (5 bytes)

Stack: [0x000000ad4ea00000,0x000000ad4eb00000]
Native frames: (J=compiled Java code, j=interpreted, Vv=VM code, C=native code)
V  [jvm.dll+0x63adaa]
V  [jvm.dll+0x77852f]
V  [jvm.dll+0x779b18]
V  [jvm.dll+0x77a1d3]
V  [jvm.dll+0x2624c8]
V  [jvm.dll+0xc5b61]
V  [jvm.dll+0xc60fc]
V  [jvm.dll+0x36e6d7]
V  [jvm.dll+0x1ad861]
V  [jvm.dll+0x21c472]
V  [jvm.dll+0x21b50a]
V  [jvm.dll+0x198400]
V  [jvm.dll+0x22a4ff]
V  [jvm.dll+0x228b18]
V  [jvm.dll+0x73dc3d]
V  [jvm.dll+0x639e42]
C  [ucrtbase.dll+0x21bb2]
C  [KERNEL32.DLL+0x17344]
C  [ntdll.dll+0x526b1]


---------------  P R O C E S S  ---------------

Threads class SMR info:
_java_thread_list=0x000002a2d8302fa0, length=46, elements={
0x000002a2b59b6800, 0x000002a2d195a000, 0x000002a2d195b800, 0x000002a2d21dc000,
0x000002a2d21dd000, 0x000002a2d21de800, 0x000002a2d1969800, 0x000002a2d21ee000,
0x000002a2d18e7800, 0x000002a2d2544000, 0x000002a2d48f0800, 0x000002a2d38ee000,
0x000002a2d236d800, 0x000002a2d3898000, 0x000002a2d47d6800, 0x000002a2d3031800,
0x000002a2d3032000, 0x000002a2d4986000, 0x000002a2d5178000, 0x000002a2d55fd000,
0x000002a2d4b7b800, 0x000002a2d4b7c800, 0x000002a2d4dcc800, 0x000002a2d4b7d000,
0x000002a2d4b7e000, 0x000002a2d4b7f000, 0x000002a2d4b7f800, 0x000002a2d4b80800,
0x000002a2d4b7b000, 0x000002a2d4b81800, 0x000002a2d5740800, 0x000002a2d573b000,
0x000002a2d573d000, 0x000002a2d573f800, 0x000002a2d573b800, 0x000002a2d573e000,
0x000002a2d5742000, 0x000002a2d573c800, 0x000002a2d5b1d800, 0x000002a2d5744000,
0x000002a2d5741800, 0x000002a2d5743000, 0x000002a2d5744800, 0x000002a2d573f000,
0x000002a2d5745800, 0x000002a2d5748800
}

Java Threads: ( => current thread )
  0x000002a2b59b6800 JavaThread "main" [_thread_blocked, id=52620, stack(0x000000ad4b200000,0x000000ad4b300000)]
  0x000002a2d195a000 JavaThread "Reference Handler" daemon [_thread_blocked, id=34424, stack(0x000000ad4b900000,0x000000ad4ba00000)]
  0x000002a2d195b800 JavaThread "Finalizer" daemon [_thread_blocked, id=51672, stack(0x000000ad4ba00000,0x000000ad4bb00000)]
  0x000002a2d21dc000 JavaThread "Signal Dispatcher" daemon [_thread_blocked, id=44084, stack(0x000000ad4bb00000,0x000000ad4bc00000)]
  0x000002a2d21dd000 JavaThread "Attach Listener" daemon [_thread_blocked, id=52844, stack(0x000000ad4bc00000,0x000000ad4bd00000)]
  0x000002a2d21de800 JavaThread "C2 CompilerThread0" daemon [_thread_blocked, id=30916, stack(0x000000ad4bd00000,0x000000ad4be00000)]
  0x000002a2d1969800 JavaThread "C1 CompilerThread0" daemon [_thread_blocked, id=31168, stack(0x000000ad4be00000,0x000000ad4bf00000)]
  0x000002a2d21ee000 JavaThread "Sweeper thread" daemon [_thread_blocked, id=56888, stack(0x000000ad4bf00000,0x000000ad4c000000)]
  0x000002a2d18e7800 JavaThread "Common-Cleaner" daemon [_thread_blocked, id=55464, stack(0x000000ad4c000000,0x000000ad4c100000)]
  0x000002a2d2544000 JavaThread "Service Thread" daemon [_thread_blocked, id=52784, stack(0x000000ad4c200000,0x000000ad4c300000)]
  0x000002a2d48f0800 JavaThread "Daemon health stats" [_thread_blocked, id=48488, stack(0x000000ad4ca00000,0x000000ad4cb00000)]
  0x000002a2d38ee000 JavaThread "Incoming local TCP Connector on port 55148" [_thread_in_native, id=52716, stack(0x000000ad4c100000,0x000000ad4c200000)]
  0x000002a2d236d800 JavaThread "Daemon periodic checks" [_thread_blocked, id=38116, stack(0x000000ad4c900000,0x000000ad4ca00000)]
  0x000002a2d3898000 JavaThread "Daemon" [_thread_blocked, id=45804, stack(0x000000ad4cb00000,0x000000ad4cc00000)]
  0x000002a2d47d6800 JavaThread "Handler for socket connection from /127.0.0.1:55148 to /127.0.0.1:55149" [_thread_in_native, id=48388, stack(0x000000ad4cc00000,0x000000ad4cd00000)]
  0x000002a2d3031800 JavaThread "Cancel handler" [_thread_blocked, id=48628, stack(0x000000ad4cd00000,0x000000ad4ce00000)]
  0x000002a2d3032000 JavaThread "Daemon worker" [_thread_in_Java, id=53980, stack(0x000000ad4ce00000,0x000000ad4cf00000)]
  0x000002a2d4986000 JavaThread "Asynchronous log dispatcher for DefaultDaemonConnection: socket connection from /127.0.0.1:55148 to /127.0.0.1:55149" [_thread_blocked, id=51016, stack(0x000000ad4cf00000,0x000000ad4d000000)]
  0x000002a2d5178000 JavaThread "Stdin handler" [_thread_blocked, id=10408, stack(0x000000ad4d000000,0x000000ad4d100000)]
  0x000002a2d55fd000 JavaThread "Daemon client event forwarder" [_thread_blocked, id=17588, stack(0x000000ad4d100000,0x000000ad4d200000)]
  0x000002a2d4b7b800 JavaThread "Cache worker for journal cache (C:\Users\SSAFY\.gradle\caches\journal-1)" [_thread_blocked, id=45452, stack(0x000000ad4d800000,0x000000ad4d900000)]
  0x000002a2d4b7c800 JavaThread "File lock request listener" [_thread_in_native, id=50056, stack(0x000000ad4d900000,0x000000ad4da00000)]
  0x000002a2d4dcc800 JavaThread "C2 CompilerThread1" daemon [_thread_in_native, id=45012, stack(0x000000ad4da00000,0x000000ad4db00000)]
  0x000002a2d4b7d000 JavaThread "Cache worker for file hash cache (C:\Users\SSAFY\.gradle\caches\8.3\fileHashes)" [_thread_blocked, id=55364, stack(0x000000ad4db00000,0x000000ad4dc00000)]
  0x000002a2d4b7e000 JavaThread "File watcher server" daemon [_thread_in_native, id=12684, stack(0x000000ad4dc00000,0x000000ad4dd00000)]
  0x000002a2d4b7f000 JavaThread "File watcher consumer" daemon [_thread_blocked, id=47276, stack(0x000000ad4dd00000,0x000000ad4de00000)]
  0x000002a2d4b7f800 JavaThread "jar transforms" [_thread_blocked, id=3440, stack(0x000000ad4de00000,0x000000ad4df00000)]
  0x000002a2d4b80800 JavaThread "jar transforms Thread 2" [_thread_blocked, id=41760, stack(0x000000ad4df00000,0x000000ad4e000000)]
  0x000002a2d4b7b000 JavaThread "jar transforms Thread 3" [_thread_blocked, id=56072, stack(0x000000ad4e000000,0x000000ad4e100000)]
  0x000002a2d4b81800 JavaThread "jar transforms Thread 4" [_thread_blocked, id=17304, stack(0x000000ad4e100000,0x000000ad4e200000)]
  0x000002a2d5740800 JavaThread "jar transforms Thread 5" [_thread_blocked, id=34332, stack(0x000000ad4e200000,0x000000ad4e300000)]
  0x000002a2d573b000 JavaThread "jar transforms Thread 6" [_thread_blocked, id=22496, stack(0x000000ad4e300000,0x000000ad4e400000)]
  0x000002a2d573d000 JavaThread "jar transforms Thread 7" [_thread_blocked, id=45468, stack(0x000000ad4e400000,0x000000ad4e500000)]
  0x000002a2d573f800 JavaThread "jar transforms Thread 8" [_thread_blocked, id=31312, stack(0x000000ad4e500000,0x000000ad4e600000)]
  0x000002a2d573b800 JavaThread "jar transforms Thread 9" [_thread_blocked, id=56312, stack(0x000000ad4e600000,0x000000ad4e700000)]
  0x000002a2d573e000 JavaThread "jar transforms Thread 10" [_thread_blocked, id=49636, stack(0x000000ad4e700000,0x000000ad4e800000)]
  0x000002a2d5742000 JavaThread "jar transforms Thread 11" [_thread_blocked, id=41516, stack(0x000000ad4e800000,0x000000ad4e900000)]
  0x000002a2d573c800 JavaThread "jar transforms Thread 12" [_thread_blocked, id=36904, stack(0x000000ad4e900000,0x000000ad4ea00000)]
=>0x000002a2d5b1d800 JavaThread "C2 CompilerThread2" daemon [_thread_in_native, id=45700, stack(0x000000ad4ea00000,0x000000ad4eb00000)]
  0x000002a2d5744000 JavaThread "Cache worker for checksums cache (C:\MEETHARE\MeetHare-Location-Recommend\.gradle\8.3\checksums)" [_thread_blocked, id=29572, stack(0x000000ad4eb00000,0x000000ad4ec00000)]
  0x000002a2d5741800 JavaThread "Cache worker for file hash cache (C:\MEETHARE\MeetHare-Location-Recommend\.gradle\8.3\fileHashes)" [_thread_blocked, id=49352, stack(0x000000ad4ec00000,0x000000ad4ed00000)]
  0x000002a2d5743000 JavaThread "Cache worker for cache directory md-supplier (C:\Users\SSAFY\.gradle\caches\8.3\md-supplier)" [_thread_blocked, id=22112, stack(0x000000ad4ed00000,0x000000ad4ee00000)]
  0x000002a2d5744800 JavaThread "Cache worker for file content cache (C:\Users\SSAFY\.gradle\caches\8.3\fileContent)" [_thread_blocked, id=8844, stack(0x000000ad4ee00000,0x000000ad4ef00000)]
  0x000002a2d573f000 JavaThread "Cache worker for cache directory md-rule (C:\Users\SSAFY\.gradle\caches\8.3\md-rule)" [_thread_blocked, id=53288, stack(0x000000ad4ef00000,0x000000ad4f000000)]
  0x000002a2d5745800 JavaThread "Cache worker for execution history cache (C:\Users\SSAFY\.gradle\caches\8.3\executionHistory)" [_thread_blocked, id=24648, stack(0x000000ad4f000000,0x000000ad4f100000)]
  0x000002a2d5748800 JavaThread "Cache worker for dependencies-accessors (C:\MEETHARE\MeetHare-Location-Recommend\.gradle\8.3\dependencies-accessors)" [_thread_blocked, id=55284, stack(0x000000ad4f100000,0x000000ad4f200000)]

Other Threads:
  0x000002a2d192d800 VMThread "VM Thread" [stack: 0x000000ad4b800000,0x000000ad4b900000] [id=27604]
  0x000002a2d2682800 WatcherThread [stack: 0x000000ad4c300000,0x000000ad4c400000] [id=12620]
  0x000002a2b59ce000 GCTaskThread "GC Thread#0" [stack: 0x000000ad4b300000,0x000000ad4b400000] [id=38708]
  0x000002a2d26a4800 GCTaskThread "GC Thread#1" [stack: 0x000000ad4c400000,0x000000ad4c500000] [id=54220]
  0x000002a2d274d800 GCTaskThread "GC Thread#2" [stack: 0x000000ad4c500000,0x000000ad4c600000] [id=56772]
  0x000002a2d2f8e000 GCTaskThread "GC Thread#3" [stack: 0x000000ad4c600000,0x000000ad4c700000] [id=14740]
  0x000002a2d2f8f000 GCTaskThread "GC Thread#4" [stack: 0x000000ad4c700000,0x000000ad4c800000] [id=39028]
  0x000002a2d2fdb000 GCTaskThread "GC Thread#5" [stack: 0x000000ad4c800000,0x000000ad4c900000] [id=54604]
  0x000002a2d517c000 GCTaskThread "GC Thread#6" [stack: 0x000000ad4d200000,0x000000ad4d300000] [id=53000]
  0x000002a2d4416000 GCTaskThread "GC Thread#7" [stack: 0x000000ad4d300000,0x000000ad4d400000] [id=56548]
  0x000002a2d4478000 GCTaskThread "GC Thread#8" [stack: 0x000000ad4d400000,0x000000ad4d500000] [id=46928]
  0x000002a2d308e000 GCTaskThread "GC Thread#9" [stack: 0x000000ad4d500000,0x000000ad4d600000] [id=9148]
  0x000002a2b59de800 ConcurrentGCThread "G1 Main Marker" [stack: 0x000000ad4b400000,0x000000ad4b500000] [id=38784]
  0x000002a2b59e0000 ConcurrentGCThread "G1 Conc#0" [stack: 0x000000ad4b500000,0x000000ad4b600000] [id=46760]
  0x000002a2d4310800 ConcurrentGCThread "G1 Conc#1" [stack: 0x000000ad4d600000,0x000000ad4d700000] [id=47316]
  0x000002a2d4368800 ConcurrentGCThread "G1 Conc#2" [stack: 0x000000ad4d700000,0x000000ad4d800000] [id=47524]
  0x000002a2b5a9e800 ConcurrentGCThread "G1 Refine#0" [stack: 0x000000ad4b600000,0x000000ad4b700000] [id=14192]
  0x000002a2d17c0800 ConcurrentGCThread "G1 Young RemSet Sampling" [stack: 0x000000ad4b700000,0x000000ad4b800000] [id=29088]

Threads with active compile tasks:
C1 CompilerThread04642       3       groovyjarjarantlr4.v4.runtime.atn.ATNState::addOptimizedTransition (30 bytes)
C2 CompilerThread24548       4       java.net.URLClassLoader$1::run (5 bytes)

VM state:not at safepoint (normal execution)

VM Mutex/Monitor currently owned by a thread: None

Heap address: 0x00000000e0000000, size: 512 MB, Compressed Oops mode: 32-bit
Narrow klass base: 0x0000000000000000, Narrow klass shift: 3
Compressed class space size: 394264576 Address: 0x0000000100000000

Heap:
 garbage-first heap   total 262144K, used 158932K [0x00000000e0000000, 0x0000000100000000)
  region size 1024K, 122 young (124928K), 14 survivors (14336K)
 Metaspace       used 54844K, capacity 56617K, committed 56752K, reserved 434176K
  class space    used 7270K, capacity 7908K, committed 7936K, reserved 385024K
Heap Regions: E=young(eden), S=young(survivor), O=old, HS=humongous(starts), HC=humongous(continues), CS=collection set, F=free, A=archive, TAMS=top-at-mark-start (previous, next)
|   0|0x00000000e0000000, 0x00000000e0100000, 0x00000000e0100000|100%|HS|  |TAMS 0x00000000e0100000, 0x00000000e0000000| Complete 
|   1|0x00000000e0100000, 0x00000000e0200000, 0x00000000e0200000|100%|HC|  |TAMS 0x00000000e0200000, 0x00000000e0100000| Complete 
|   2|0x00000000e0200000, 0x00000000e0300000, 0x00000000e0300000|100%|HC|  |TAMS 0x00000000e0300000, 0x00000000e0200000| Complete 
|   3|0x00000000e0300000, 0x00000000e0400000, 0x00000000e0400000|100%|HC|  |TAMS 0x00000000e0400000, 0x00000000e0300000| Complete 
|   4|0x00000000e0400000, 0x00000000e0500000, 0x00000000e0500000|100%| O|  |TAMS 0x00000000e0500000, 0x00000000e0400000| Untracked 
|   5|0x00000000e0500000, 0x00000000e0600000, 0x00000000e0600000|100%| O|  |TAMS 0x00000000e0600000, 0x00000000e0500000| Untracked 
|   6|0x00000000e0600000, 0x00000000e0700000, 0x00000000e0700000|100%| O|  |TAMS 0x00000000e0700000, 0x00000000e0600000| Untracked 
|   7|0x00000000e0700000, 0x00000000e0800000, 0x00000000e0800000|100%| O|  |TAMS 0x00000000e0800000, 0x00000000e0700000| Untracked 
|   8|0x00000000e0800000, 0x00000000e0900000, 0x00000000e0900000|100%| O|  |TAMS 0x00000000e0900000, 0x00000000e0800000| Untracked 
|   9|0x00000000e0900000, 0x00000000e0a00000, 0x00000000e0a00000|100%| O|  |TAMS 0x00000000e0a00000, 0x00000000e0900000| Untracked 
|  10|0x00000000e0a00000, 0x00000000e0b00000, 0x00000000e0b00000|100%| O|  |TAMS 0x00000000e0b00000, 0x00000000e0a00000| Untracked 
|  11|0x00000000e0b00000, 0x00000000e0c00000, 0x00000000e0c00000|100%| O|  |TAMS 0x00000000e0c00000, 0x00000000e0b00000| Untracked 
|  12|0x00000000e0c00000, 0x00000000e0d00000, 0x00000000e0d00000|100%| O|  |TAMS 0x00000000e0d00000, 0x00000000e0c00000| Untracked 
|  13|0x00000000e0d00000, 0x00000000e0e00000, 0x00000000e0e00000|100%| O|  |TAMS 0x00000000e0e00000, 0x00000000e0d00000| Untracked 
|  14|0x00000000e0e00000, 0x00000000e0f00000, 0x00000000e0f00000|100%| O|  |TAMS 0x00000000e0f00000, 0x00000000e0e00000| Untracked 
|  15|0x00000000e0f00000, 0x00000000e1000000, 0x00000000e1000000|100%| O|  |TAMS 0x00000000e1000000, 0x00000000e0f00000| Untracked 
|  16|0x00000000e1000000, 0x00000000e1100000, 0x00000000e1100000|100%| O|  |TAMS 0x00000000e1100000, 0x00000000e1000000| Untracked 
|  17|0x00000000e1100000, 0x00000000e1200000, 0x00000000e1200000|100%| O|  |TAMS 0x00000000e118aa00, 0x00000000e1100000| Untracked 
|  18|0x00000000e1200000, 0x00000000e1300000, 0x00000000e1300000|100%|HS|  |TAMS 0x00000000e1300000, 0x00000000e1200000| Complete 
|  19|0x00000000e1300000, 0x00000000e1400000, 0x00000000e1400000|100%|HC|  |TAMS 0x00000000e1400000, 0x00000000e1300000| Complete 
|  20|0x00000000e1400000, 0x00000000e1500000, 0x00000000e1500000|100%|HS|  |TAMS 0x00000000e1500000, 0x00000000e1400000| Complete 
|  21|0x00000000e1500000, 0x00000000e1600000, 0x00000000e1600000|100%|HC|  |TAMS 0x00000000e1600000, 0x00000000e1500000| Complete 
|  22|0x00000000e1600000, 0x00000000e1700000, 0x00000000e1700000|100%|HC|  |TAMS 0x00000000e1700000, 0x00000000e1600000| Complete 
|  23|0x00000000e1700000, 0x00000000e1800000, 0x00000000e1800000|100%|HS|  |TAMS 0x00000000e1800000, 0x00000000e1700000| Complete 
|  24|0x00000000e1800000, 0x00000000e1900000, 0x00000000e1900000|100%|HC|  |TAMS 0x00000000e1900000, 0x00000000e1800000| Complete 
|  25|0x00000000e1900000, 0x00000000e1a00000, 0x00000000e1a00000|100%|HC|  |TAMS 0x00000000e1a00000, 0x00000000e1900000| Complete 
|  26|0x00000000e1a00000, 0x00000000e1b00000, 0x00000000e1b00000|100%|HS|  |TAMS 0x00000000e1b00000, 0x00000000e1a00000| Complete 
|  27|0x00000000e1b00000, 0x00000000e1c00000, 0x00000000e1c00000|100%|HC|  |TAMS 0x00000000e1c00000, 0x00000000e1b00000| Complete 
|  28|0x00000000e1c00000, 0x00000000e1d00000, 0x00000000e1d00000|100%|HC|  |TAMS 0x00000000e1d00000, 0x00000000e1c00000| Complete 
|  29|0x00000000e1d00000, 0x00000000e1e00000, 0x00000000e1e00000|100%|HS|  |TAMS 0x00000000e1d00000, 0x00000000e1d00000| Complete 
|  30|0x00000000e1e00000, 0x00000000e1f00000, 0x00000000e1f00000|100%|HC|  |TAMS 0x00000000e1e00000, 0x00000000e1e00000| Complete 
|  31|0x00000000e1f00000, 0x00000000e2000000, 0x00000000e2000000|100%|HC|  |TAMS 0x00000000e1f00000, 0x00000000e1f00000| Complete 
|  32|0x00000000e2000000, 0x00000000e2100000, 0x00000000e2100000|100%|HS|  |TAMS 0x00000000e2000000, 0x00000000e2000000| Complete 
|  33|0x00000000e2100000, 0x00000000e2200000, 0x00000000e2200000|100%|HS|  |TAMS 0x00000000e2100000, 0x00000000e2100000| Complete 
|  34|0x00000000e2200000, 0x00000000e2235000, 0x00000000e2300000| 20%| O|  |TAMS 0x00000000e2200000, 0x00000000e2200000| Untracked 
|  35|0x00000000e2300000, 0x00000000e2300000, 0x00000000e2400000|  0%| F|  |TAMS 0x00000000e2300000, 0x00000000e2300000| Untracked 
|  36|0x00000000e2400000, 0x00000000e2400000, 0x00000000e2500000|  0%| F|  |TAMS 0x00000000e2400000, 0x00000000e2400000| Untracked 
|  37|0x00000000e2500000, 0x00000000e2500000, 0x00000000e2600000|  0%| F|  |TAMS 0x00000000e2500000, 0x00000000e2500000| Untracked 
|  38|0x00000000e2600000, 0x00000000e2600000, 0x00000000e2700000|  0%| F|  |TAMS 0x00000000e2600000, 0x00000000e2600000| Untracked 
|  39|0x00000000e2700000, 0x00000000e2700000, 0x00000000e2800000|  0%| F|  |TAMS 0x00000000e2700000, 0x00000000e2700000| Untracked 
|  40|0x00000000e2800000, 0x00000000e2800000, 0x00000000e2900000|  0%| F|  |TAMS 0x00000000e2800000, 0x00000000e2800000| Untracked 
|  41|0x00000000e2900000, 0x00000000e2900000, 0x00000000e2a00000|  0%| F|  |TAMS 0x00000000e2900000, 0x00000000e2900000| Untracked 
|  42|0x00000000e2a00000, 0x00000000e2a00000, 0x00000000e2b00000|  0%| F|  |TAMS 0x00000000e2a00000, 0x00000000e2a00000| Untracked 
|  43|0x00000000e2b00000, 0x00000000e2b00000, 0x00000000e2c00000|  0%| F|  |TAMS 0x00000000e2b00000, 0x00000000e2b00000| Untracked 
|  44|0x00000000e2c00000, 0x00000000e2c00000, 0x00000000e2d00000|  0%| F|  |TAMS 0x00000000e2c00000, 0x00000000e2c00000| Untracked 
|  45|0x00000000e2d00000, 0x00000000e2d00000, 0x00000000e2e00000|  0%| F|  |TAMS 0x00000000e2d00000, 0x00000000e2d00000| Untracked 
|  46|0x00000000e2e00000, 0x00000000e2e00000, 0x00000000e2f00000|  0%| F|  |TAMS 0x00000000e2e00000, 0x00000000e2e00000| Untracked 
|  47|0x00000000e2f00000, 0x00000000e2f00000, 0x00000000e3000000|  0%| F|  |TAMS 0x00000000e2f00000, 0x00000000e2f00000| Untracked 
|  48|0x00000000e3000000, 0x00000000e3000000, 0x00000000e3100000|  0%| F|  |TAMS 0x00000000e3000000, 0x00000000e3000000| Untracked 
|  49|0x00000000e3100000, 0x00000000e3100000, 0x00000000e3200000|  0%| F|  |TAMS 0x00000000e3100000, 0x00000000e3100000| Untracked 
|  50|0x00000000e3200000, 0x00000000e3200000, 0x00000000e3300000|  0%| F|  |TAMS 0x00000000e3200000, 0x00000000e3200000| Untracked 
|  51|0x00000000e3300000, 0x00000000e3300000, 0x00000000e3400000|  0%| F|  |TAMS 0x00000000e3300000, 0x00000000e3300000| Untracked 
|  52|0x00000000e3400000, 0x00000000e3400000, 0x00000000e3500000|  0%| F|  |TAMS 0x00000000e3400000, 0x00000000e3400000| Untracked 
|  53|0x00000000e3500000, 0x00000000e3500000, 0x00000000e3600000|  0%| F|  |TAMS 0x00000000e3500000, 0x00000000e3500000| Untracked 
|  54|0x00000000e3600000, 0x00000000e3600000, 0x00000000e3700000|  0%| F|  |TAMS 0x00000000e3600000, 0x00000000e3600000| Untracked 
|  55|0x00000000e3700000, 0x00000000e3700000, 0x00000000e3800000|  0%| F|  |TAMS 0x00000000e3700000, 0x00000000e3700000| Untracked 
|  56|0x00000000e3800000, 0x00000000e3800000, 0x00000000e3900000|  0%| F|  |TAMS 0x00000000e3800000, 0x00000000e3800000| Untracked 
|  57|0x00000000e3900000, 0x00000000e3900000, 0x00000000e3a00000|  0%| F|  |TAMS 0x00000000e3900000, 0x00000000e3900000| Untracked 
|  58|0x00000000e3a00000, 0x00000000e3a00000, 0x00000000e3b00000|  0%| F|  |TAMS 0x00000000e3a00000, 0x00000000e3a00000| Untracked 
|  59|0x00000000e3b00000, 0x00000000e3b00000, 0x00000000e3c00000|  0%| F|  |TAMS 0x00000000e3b00000, 0x00000000e3b00000| Untracked 
|  60|0x00000000e3c00000, 0x00000000e3c00000, 0x00000000e3d00000|  0%| F|  |TAMS 0x00000000e3c00000, 0x00000000e3c00000| Untracked 
|  61|0x00000000e3d00000, 0x00000000e3d00000, 0x00000000e3e00000|  0%| F|  |TAMS 0x00000000e3d00000, 0x00000000e3d00000| Untracked 
|  62|0x00000000e3e00000, 0x00000000e3e00000, 0x00000000e3f00000|  0%| F|  |TAMS 0x00000000e3e00000, 0x00000000e3e00000| Untracked 
|  63|0x00000000e3f00000, 0x00000000e3f00000, 0x00000000e4000000|  0%| F|  |TAMS 0x00000000e3f00000, 0x00000000e3f00000| Untracked 
|  64|0x00000000e4000000, 0x00000000e4000000, 0x00000000e4100000|  0%| F|  |TAMS 0x00000000e4000000, 0x00000000e4000000| Untracked 
|  65|0x00000000e4100000, 0x00000000e4100000, 0x00000000e4200000|  0%| F|  |TAMS 0x00000000e4100000, 0x00000000e4100000| Untracked 
|  66|0x00000000e4200000, 0x00000000e4200000, 0x00000000e4300000|  0%| F|  |TAMS 0x00000000e4200000, 0x00000000e4200000| Untracked 
|  67|0x00000000e4300000, 0x00000000e4300000, 0x00000000e4400000|  0%| F|  |TAMS 0x00000000e4300000, 0x00000000e4300000| Untracked 
|  68|0x00000000e4400000, 0x00000000e4400000, 0x00000000e4500000|  0%| F|  |TAMS 0x00000000e4400000, 0x00000000e4400000| Untracked 
|  69|0x00000000e4500000, 0x00000000e4500000, 0x00000000e4600000|  0%| F|  |TAMS 0x00000000e4500000, 0x00000000e4500000| Untracked 
|  70|0x00000000e4600000, 0x00000000e4600000, 0x00000000e4700000|  0%| F|  |TAMS 0x00000000e4600000, 0x00000000e4600000| Untracked 
|  71|0x00000000e4700000, 0x00000000e4700000, 0x00000000e4800000|  0%| F|  |TAMS 0x00000000e4700000, 0x00000000e4700000| Untracked 
|  72|0x00000000e4800000, 0x00000000e4800000, 0x00000000e4900000|  0%| F|  |TAMS 0x00000000e4800000, 0x00000000e4800000| Untracked 
|  73|0x00000000e4900000, 0x00000000e4900000, 0x00000000e4a00000|  0%| F|  |TAMS 0x00000000e4900000, 0x00000000e4900000| Untracked 
|  74|0x00000000e4a00000, 0x00000000e4a00000, 0x00000000e4b00000|  0%| F|  |TAMS 0x00000000e4a00000, 0x00000000e4a00000| Untracked 
|  75|0x00000000e4b00000, 0x00000000e4b00000, 0x00000000e4c00000|  0%| F|  |TAMS 0x00000000e4b00000, 0x00000000e4b00000| Untracked 
|  76|0x00000000e4c00000, 0x00000000e4c00000, 0x00000000e4d00000|  0%| F|  |TAMS 0x00000000e4c00000, 0x00000000e4c00000| Untracked 
|  77|0x00000000e4d00000, 0x00000000e4d00000, 0x00000000e4e00000|  0%| F|  |TAMS 0x00000000e4d00000, 0x00000000e4d00000| Untracked 
|  78|0x00000000e4e00000, 0x00000000e4e00000, 0x00000000e4f00000|  0%| F|  |TAMS 0x00000000e4e00000, 0x00000000e4e00000| Untracked 
|  79|0x00000000e4f00000, 0x00000000e4f00000, 0x00000000e5000000|  0%| F|  |TAMS 0x00000000e4f00000, 0x00000000e4f00000| Untracked 
|  80|0x00000000e5000000, 0x00000000e5000000, 0x00000000e5100000|  0%| F|  |TAMS 0x00000000e5000000, 0x00000000e5000000| Untracked 
|  81|0x00000000e5100000, 0x00000000e5100000, 0x00000000e5200000|  0%| F|  |TAMS 0x00000000e5100000, 0x00000000e5100000| Untracked 
|  82|0x00000000e5200000, 0x00000000e5200000, 0x00000000e5300000|  0%| F|  |TAMS 0x00000000e5200000, 0x00000000e5200000| Untracked 
|  83|0x00000000e5300000, 0x00000000e5300000, 0x00000000e5400000|  0%| F|  |TAMS 0x00000000e5300000, 0x00000000e5300000| Untracked 
|  84|0x00000000e5400000, 0x00000000e5400000, 0x00000000e5500000|  0%| F|  |TAMS 0x00000000e5400000, 0x00000000e5400000| Untracked 
|  85|0x00000000e5500000, 0x00000000e5500000, 0x00000000e5600000|  0%| F|  |TAMS 0x00000000e5500000, 0x00000000e5500000| Untracked 
|  86|0x00000000e5600000, 0x00000000e5600000, 0x00000000e5700000|  0%| F|  |TAMS 0x00000000e5600000, 0x00000000e5600000| Untracked 
|  87|0x00000000e5700000, 0x00000000e5700000, 0x00000000e5800000|  0%| F|  |TAMS 0x00000000e5700000, 0x00000000e5700000| Untracked 
|  88|0x00000000e5800000, 0x00000000e5800000, 0x00000000e5900000|  0%| F|  |TAMS 0x00000000e5800000, 0x00000000e5800000| Untracked 
|  89|0x00000000e5900000, 0x00000000e5900000, 0x00000000e5a00000|  0%| F|  |TAMS 0x00000000e5900000, 0x00000000e5900000| Untracked 
|  90|0x00000000e5a00000, 0x00000000e5a00000, 0x00000000e5b00000|  0%| F|  |TAMS 0x00000000e5a00000, 0x00000000e5a00000| Untracked 
|  91|0x00000000e5b00000, 0x00000000e5b00000, 0x00000000e5c00000|  0%| F|  |TAMS 0x00000000e5b00000, 0x00000000e5b00000| Untracked 
|  92|0x00000000e5c00000, 0x00000000e5c00000, 0x00000000e5d00000|  0%| F|  |TAMS 0x00000000e5c00000, 0x00000000e5c00000| Untracked 
|  93|0x00000000e5d00000, 0x00000000e5d00000, 0x00000000e5e00000|  0%| F|  |TAMS 0x00000000e5d00000, 0x00000000e5d00000| Untracked 
|  94|0x00000000e5e00000, 0x00000000e5e00000, 0x00000000e5f00000|  0%| F|  |TAMS 0x00000000e5e00000, 0x00000000e5e00000| Untracked 
|  95|0x00000000e5f00000, 0x00000000e5f00000, 0x00000000e6000000|  0%| F|  |TAMS 0x00000000e5f00000, 0x00000000e5f00000| Untracked 
|  96|0x00000000e6000000, 0x00000000e6000000, 0x00000000e6100000|  0%| F|  |TAMS 0x00000000e6000000, 0x00000000e6000000| Untracked 
|  97|0x00000000e6100000, 0x00000000e6100000, 0x00000000e6200000|  0%| F|  |TAMS 0x00000000e6100000, 0x00000000e6100000| Untracked 
|  98|0x00000000e6200000, 0x00000000e6200000, 0x00000000e6300000|  0%| F|  |TAMS 0x00000000e6200000, 0x00000000e6200000| Untracked 
|  99|0x00000000e6300000, 0x00000000e6300000, 0x00000000e6400000|  0%| F|  |TAMS 0x00000000e6300000, 0x00000000e6300000| Untracked 
| 100|0x00000000e6400000, 0x00000000e6400000, 0x00000000e6500000|  0%| F|  |TAMS 0x00000000e6400000, 0x00000000e6400000| Untracked 
| 101|0x00000000e6500000, 0x00000000e6500000, 0x00000000e6600000|  0%| F|  |TAMS 0x00000000e6500000, 0x00000000e6500000| Untracked 
| 102|0x00000000e6600000, 0x00000000e6600000, 0x00000000e6700000|  0%| F|  |TAMS 0x00000000e6600000, 0x00000000e6600000| Untracked 
| 103|0x00000000e6700000, 0x00000000e6700000, 0x00000000e6800000|  0%| F|  |TAMS 0x00000000e6700000, 0x00000000e6700000| Untracked 
| 104|0x00000000e6800000, 0x00000000e6800000, 0x00000000e6900000|  0%| F|  |TAMS 0x00000000e6800000, 0x00000000e6800000| Untracked 
| 105|0x00000000e6900000, 0x00000000e6900000, 0x00000000e6a00000|  0%| F|  |TAMS 0x00000000e6900000, 0x00000000e6900000| Untracked 
| 106|0x00000000e6a00000, 0x00000000e6a00000, 0x00000000e6b00000|  0%| F|  |TAMS 0x00000000e6a00000, 0x00000000e6a00000| Untracked 
| 107|0x00000000e6b00000, 0x00000000e6b00000, 0x00000000e6c00000|  0%| F|  |TAMS 0x00000000e6b00000, 0x00000000e6b00000| Untracked 
| 108|0x00000000e6c00000, 0x00000000e6c00000, 0x00000000e6d00000|  0%| F|  |TAMS 0x00000000e6c00000, 0x00000000e6c00000| Untracked 
| 109|0x00000000e6d00000, 0x00000000e6d00000, 0x00000000e6e00000|  0%| F|  |TAMS 0x00000000e6d00000, 0x00000000e6d00000| Untracked 
| 110|0x00000000e6e00000, 0x00000000e6e00000, 0x00000000e6f00000|  0%| F|  |TAMS 0x00000000e6e00000, 0x00000000e6e00000| Untracked 
| 111|0x00000000e6f00000, 0x00000000e6f00000, 0x00000000e7000000|  0%| F|  |TAMS 0x00000000e6f00000, 0x00000000e6f00000| Untracked 
| 112|0x00000000e7000000, 0x00000000e7000000, 0x00000000e7100000|  0%| F|  |TAMS 0x00000000e7000000, 0x00000000e7000000| Untracked 
| 113|0x00000000e7100000, 0x00000000e7100000, 0x00000000e7200000|  0%| F|  |TAMS 0x00000000e7100000, 0x00000000e7100000| Untracked 
| 114|0x00000000e7200000, 0x00000000e7200000, 0x00000000e7300000|  0%| F|  |TAMS 0x00000000e7200000, 0x00000000e7200000| Untracked 
| 115|0x00000000e7300000, 0x00000000e7300000, 0x00000000e7400000|  0%| F|  |TAMS 0x00000000e7300000, 0x00000000e7300000| Untracked 
| 116|0x00000000e7400000, 0x00000000e7400000, 0x00000000e7500000|  0%| F|  |TAMS 0x00000000e7400000, 0x00000000e7400000| Untracked 
| 117|0x00000000e7500000, 0x00000000e7500000, 0x00000000e7600000|  0%| F|  |TAMS 0x00000000e7500000, 0x00000000e7500000| Untracked 
| 118|0x00000000e7600000, 0x00000000e7600000, 0x00000000e7700000|  0%| F|  |TAMS 0x00000000e7600000, 0x00000000e7600000| Untracked 
| 119|0x00000000e7700000, 0x00000000e7700000, 0x00000000e7800000|  0%| F|  |TAMS 0x00000000e7700000, 0x00000000e7700000| Untracked 
| 120|0x00000000e7800000, 0x00000000e7800000, 0x00000000e7900000|  0%| F|  |TAMS 0x00000000e7800000, 0x00000000e7800000| Untracked 
| 121|0x00000000e7900000, 0x00000000e7900000, 0x00000000e7a00000|  0%| F|  |TAMS 0x00000000e7900000, 0x00000000e7900000| Untracked 
| 122|0x00000000e7a00000, 0x00000000e7a00000, 0x00000000e7b00000|  0%| F|  |TAMS 0x00000000e7a00000, 0x00000000e7a00000| Untracked 
| 123|0x00000000e7b00000, 0x00000000e7b00000, 0x00000000e7c00000|  0%| F|  |TAMS 0x00000000e7b00000, 0x00000000e7b00000| Untracked 
| 124|0x00000000e7c00000, 0x00000000e7c00000, 0x00000000e7d00000|  0%| F|  |TAMS 0x00000000e7c00000, 0x00000000e7c00000| Untracked 
| 125|0x00000000e7d00000, 0x00000000e7d00000, 0x00000000e7e00000|  0%| F|  |TAMS 0x00000000e7d00000, 0x00000000e7d00000| Untracked 
| 126|0x00000000e7e00000, 0x00000000e7e00000, 0x00000000e7f00000|  0%| F|  |TAMS 0x00000000e7e00000, 0x00000000e7e00000| Untracked 
| 127|0x00000000e7f00000, 0x00000000e7f00000, 0x00000000e8000000|  0%| F|  |TAMS 0x00000000e7f00000, 0x00000000e7f00000| Untracked 
| 128|0x00000000e8000000, 0x00000000e8000000, 0x00000000e8100000|  0%| F|  |TAMS 0x00000000e8000000, 0x00000000e8000000| Untracked 
| 129|0x00000000e8100000, 0x00000000e8100000, 0x00000000e8200000|  0%| F|  |TAMS 0x00000000e8100000, 0x00000000e8100000| Untracked 
| 130|0x00000000e8200000, 0x00000000e8300000, 0x00000000e8300000|100%| S|CS|TAMS 0x00000000e8200000, 0x00000000e8200000| Complete 
| 131|0x00000000e8300000, 0x00000000e8400000, 0x00000000e8400000|100%| S|CS|TAMS 0x00000000e8300000, 0x00000000e8300000| Complete 
| 132|0x00000000e8400000, 0x00000000e8500000, 0x00000000e8500000|100%| S|CS|TAMS 0x00000000e8400000, 0x00000000e8400000| Complete 
| 133|0x00000000e8500000, 0x00000000e8600000, 0x00000000e8600000|100%| S|CS|TAMS 0x00000000e8500000, 0x00000000e8500000| Complete 
| 134|0x00000000e8600000, 0x00000000e8700000, 0x00000000e8700000|100%| S|CS|TAMS 0x00000000e8600000, 0x00000000e8600000| Complete 
| 135|0x00000000e8700000, 0x00000000e8800000, 0x00000000e8800000|100%| S|CS|TAMS 0x00000000e8700000, 0x00000000e8700000| Complete 
| 136|0x00000000e8800000, 0x00000000e8900000, 0x00000000e8900000|100%| S|CS|TAMS 0x00000000e8800000, 0x00000000e8800000| Complete 
| 137|0x00000000e8900000, 0x00000000e8a00000, 0x00000000e8a00000|100%| S|CS|TAMS 0x00000000e8900000, 0x00000000e8900000| Complete 
| 138|0x00000000e8a00000, 0x00000000e8b00000, 0x00000000e8b00000|100%| S|CS|TAMS 0x00000000e8a00000, 0x00000000e8a00000| Complete 
| 139|0x00000000e8b00000, 0x00000000e8c00000, 0x00000000e8c00000|100%| S|CS|TAMS 0x00000000e8b00000, 0x00000000e8b00000| Complete 
| 140|0x00000000e8c00000, 0x00000000e8d00000, 0x00000000e8d00000|100%| S|CS|TAMS 0x00000000e8c00000, 0x00000000e8c00000| Complete 
| 141|0x00000000e8d00000, 0x00000000e8e00000, 0x00000000e8e00000|100%| S|CS|TAMS 0x00000000e8d00000, 0x00000000e8d00000| Complete 
| 142|0x00000000e8e00000, 0x00000000e8f00000, 0x00000000e8f00000|100%| S|CS|TAMS 0x00000000e8e00000, 0x00000000e8e00000| Complete 
| 143|0x00000000e8f00000, 0x00000000e9000000, 0x00000000e9000000|100%| S|CS|TAMS 0x00000000e8f00000, 0x00000000e8f00000| Complete 
| 144|0x00000000e9000000, 0x00000000e9000000, 0x00000000e9100000|  0%| F|  |TAMS 0x00000000e9000000, 0x00000000e9000000| Untracked 
| 145|0x00000000e9100000, 0x00000000e9100000, 0x00000000e9200000|  0%| F|  |TAMS 0x00000000e9100000, 0x00000000e9100000| Untracked 
| 146|0x00000000e9200000, 0x00000000e9200000, 0x00000000e9300000|  0%| F|  |TAMS 0x00000000e9200000, 0x00000000e9200000| Untracked 
| 147|0x00000000e9300000, 0x00000000e9300000, 0x00000000e9400000|  0%| F|  |TAMS 0x00000000e9300000, 0x00000000e9300000| Untracked 
| 148|0x00000000e9400000, 0x00000000e9500000, 0x00000000e9500000|100%| E|  |TAMS 0x00000000e9400000, 0x00000000e9400000| Complete 
| 149|0x00000000e9500000, 0x00000000e9600000, 0x00000000e9600000|100%| E|CS|TAMS 0x00000000e9500000, 0x00000000e9500000| Complete 
| 150|0x00000000e9600000, 0x00000000e9700000, 0x00000000e9700000|100%| E|CS|TAMS 0x00000000e9600000, 0x00000000e9600000| Complete 
| 151|0x00000000e9700000, 0x00000000e9800000, 0x00000000e9800000|100%| E|CS|TAMS 0x00000000e9700000, 0x00000000e9700000| Complete 
| 152|0x00000000e9800000, 0x00000000e9900000, 0x00000000e9900000|100%| E|CS|TAMS 0x00000000e9800000, 0x00000000e9800000| Complete 
| 153|0x00000000e9900000, 0x00000000e9a00000, 0x00000000e9a00000|100%| E|CS|TAMS 0x00000000e9900000, 0x00000000e9900000| Complete 
| 154|0x00000000e9a00000, 0x00000000e9b00000, 0x00000000e9b00000|100%| E|CS|TAMS 0x00000000e9a00000, 0x00000000e9a00000| Complete 
| 155|0x00000000e9b00000, 0x00000000e9c00000, 0x00000000e9c00000|100%| E|CS|TAMS 0x00000000e9b00000, 0x00000000e9b00000| Complete 
| 156|0x00000000e9c00000, 0x00000000e9d00000, 0x00000000e9d00000|100%| E|CS|TAMS 0x00000000e9c00000, 0x00000000e9c00000| Complete 
| 157|0x00000000e9d00000, 0x00000000e9e00000, 0x00000000e9e00000|100%| E|CS|TAMS 0x00000000e9d00000, 0x00000000e9d00000| Complete 
| 158|0x00000000e9e00000, 0x00000000e9f00000, 0x00000000e9f00000|100%| E|CS|TAMS 0x00000000e9e00000, 0x00000000e9e00000| Complete 
| 159|0x00000000e9f00000, 0x00000000ea000000, 0x00000000ea000000|100%| E|CS|TAMS 0x00000000e9f00000, 0x00000000e9f00000| Complete 
| 160|0x00000000ea000000, 0x00000000ea100000, 0x00000000ea100000|100%| E|CS|TAMS 0x00000000ea000000, 0x00000000ea000000| Complete 
| 161|0x00000000ea100000, 0x00000000ea200000, 0x00000000ea200000|100%| E|CS|TAMS 0x00000000ea100000, 0x00000000ea100000| Complete 
| 162|0x00000000ea200000, 0x00000000ea300000, 0x00000000ea300000|100%| E|CS|TAMS 0x00000000ea200000, 0x00000000ea200000| Complete 
| 163|0x00000000ea300000, 0x00000000ea400000, 0x00000000ea400000|100%| E|CS|TAMS 0x00000000ea300000, 0x00000000ea300000| Complete 
| 164|0x00000000ea400000, 0x00000000ea500000, 0x00000000ea500000|100%| E|CS|TAMS 0x00000000ea400000, 0x00000000ea400000| Complete 
| 165|0x00000000ea500000, 0x00000000ea600000, 0x00000000ea600000|100%| E|CS|TAMS 0x00000000ea500000, 0x00000000ea500000| Complete 
| 166|0x00000000ea600000, 0x00000000ea700000, 0x00000000ea700000|100%| E|CS|TAMS 0x00000000ea600000, 0x00000000ea600000| Complete 
| 167|0x00000000ea700000, 0x00000000ea800000, 0x00000000ea800000|100%| E|CS|TAMS 0x00000000ea700000, 0x00000000ea700000| Complete 
| 168|0x00000000ea800000, 0x00000000ea900000, 0x00000000ea900000|100%| E|CS|TAMS 0x00000000ea800000, 0x00000000ea800000| Complete 
| 169|0x00000000ea900000, 0x00000000eaa00000, 0x00000000eaa00000|100%| E|CS|TAMS 0x00000000ea900000, 0x00000000ea900000| Complete 
| 170|0x00000000eaa00000, 0x00000000eab00000, 0x00000000eab00000|100%| E|CS|TAMS 0x00000000eaa00000, 0x00000000eaa00000| Complete 
| 171|0x00000000eab00000, 0x00000000eac00000, 0x00000000eac00000|100%| E|CS|TAMS 0x00000000eab00000, 0x00000000eab00000| Complete 
| 172|0x00000000eac00000, 0x00000000ead00000, 0x00000000ead00000|100%| E|CS|TAMS 0x00000000eac00000, 0x00000000eac00000| Complete 
| 173|0x00000000ead00000, 0x00000000eae00000, 0x00000000eae00000|100%| E|CS|TAMS 0x00000000ead00000, 0x00000000ead00000| Complete 
| 174|0x00000000eae00000, 0x00000000eaf00000, 0x00000000eaf00000|100%| E|CS|TAMS 0x00000000eae00000, 0x00000000eae00000| Complete 
| 175|0x00000000eaf00000, 0x00000000eb000000, 0x00000000eb000000|100%| E|CS|TAMS 0x00000000eaf00000, 0x00000000eaf00000| Complete 
| 176|0x00000000eb000000, 0x00000000eb100000, 0x00000000eb100000|100%| E|CS|TAMS 0x00000000eb000000, 0x00000000eb000000| Complete 
| 177|0x00000000eb100000, 0x00000000eb200000, 0x00000000eb200000|100%| E|CS|TAMS 0x00000000eb100000, 0x00000000eb100000| Complete 
| 178|0x00000000eb200000, 0x00000000eb300000, 0x00000000eb300000|100%| E|CS|TAMS 0x00000000eb200000, 0x00000000eb200000| Complete 
| 179|0x00000000eb300000, 0x00000000eb400000, 0x00000000eb400000|100%| E|CS|TAMS 0x00000000eb300000, 0x00000000eb300000| Complete 
| 180|0x00000000eb400000, 0x00000000eb500000, 0x00000000eb500000|100%| E|CS|TAMS 0x00000000eb400000, 0x00000000eb400000| Complete 
| 181|0x00000000eb500000, 0x00000000eb600000, 0x00000000eb600000|100%| E|CS|TAMS 0x00000000eb500000, 0x00000000eb500000| Complete 
| 182|0x00000000eb600000, 0x00000000eb700000, 0x00000000eb700000|100%| E|CS|TAMS 0x00000000eb600000, 0x00000000eb600000| Complete 
| 183|0x00000000eb700000, 0x00000000eb800000, 0x00000000eb800000|100%| E|CS|TAMS 0x00000000eb700000, 0x00000000eb700000| Complete 
| 184|0x00000000eb800000, 0x00000000eb900000, 0x00000000eb900000|100%| E|CS|TAMS 0x00000000eb800000, 0x00000000eb800000| Complete 
| 185|0x00000000eb900000, 0x00000000eba00000, 0x00000000eba00000|100%| E|CS|TAMS 0x00000000eb900000, 0x00000000eb900000| Complete 
| 186|0x00000000eba00000, 0x00000000ebb00000, 0x00000000ebb00000|100%| E|CS|TAMS 0x00000000eba00000, 0x00000000eba00000| Complete 
| 187|0x00000000ebb00000, 0x00000000ebc00000, 0x00000000ebc00000|100%| E|CS|TAMS 0x00000000ebb00000, 0x00000000ebb00000| Complete 
| 188|0x00000000ebc00000, 0x00000000ebd00000, 0x00000000ebd00000|100%| E|CS|TAMS 0x00000000ebc00000, 0x00000000ebc00000| Complete 
| 189|0x00000000ebd00000, 0x00000000ebe00000, 0x00000000ebe00000|100%| E|CS|TAMS 0x00000000ebd00000, 0x00000000ebd00000| Complete 
| 190|0x00000000ebe00000, 0x00000000ebf00000, 0x00000000ebf00000|100%| E|CS|TAMS 0x00000000ebe00000, 0x00000000ebe00000| Complete 
| 191|0x00000000ebf00000, 0x00000000ec000000, 0x00000000ec000000|100%| E|CS|TAMS 0x00000000ebf00000, 0x00000000ebf00000| Complete 
| 192|0x00000000ec000000, 0x00000000ec100000, 0x00000000ec100000|100%| E|CS|TAMS 0x00000000ec000000, 0x00000000ec000000| Complete 
| 193|0x00000000ec100000, 0x00000000ec200000, 0x00000000ec200000|100%| E|CS|TAMS 0x00000000ec100000, 0x00000000ec100000| Complete 
| 194|0x00000000ec200000, 0x00000000ec300000, 0x00000000ec300000|100%| E|CS|TAMS 0x00000000ec200000, 0x00000000ec200000| Complete 
| 195|0x00000000ec300000, 0x00000000ec400000, 0x00000000ec400000|100%| E|CS|TAMS 0x00000000ec300000, 0x00000000ec300000| Complete 
| 196|0x00000000ec400000, 0x00000000ec500000, 0x00000000ec500000|100%| E|CS|TAMS 0x00000000ec400000, 0x00000000ec400000| Complete 
| 197|0x00000000ec500000, 0x00000000ec600000, 0x00000000ec600000|100%| E|CS|TAMS 0x00000000ec500000, 0x00000000ec500000| Complete 
| 198|0x00000000ec600000, 0x00000000ec700000, 0x00000000ec700000|100%| E|CS|TAMS 0x00000000ec600000, 0x00000000ec600000| Complete 
| 199|0x00000000ec700000, 0x00000000ec800000, 0x00000000ec800000|100%| E|CS|TAMS 0x00000000ec700000, 0x00000000ec700000| Complete 
| 200|0x00000000ec800000, 0x00000000ec900000, 0x00000000ec900000|100%| E|CS|TAMS 0x00000000ec800000, 0x00000000ec800000| Complete 
| 201|0x00000000ec900000, 0x00000000eca00000, 0x00000000eca00000|100%| E|CS|TAMS 0x00000000ec900000, 0x00000000ec900000| Complete 
| 202|0x00000000eca00000, 0x00000000ecb00000, 0x00000000ecb00000|100%| E|CS|TAMS 0x00000000eca00000, 0x00000000eca00000| Complete 
| 203|0x00000000ecb00000, 0x00000000ecc00000, 0x00000000ecc00000|100%| E|CS|TAMS 0x00000000ecb00000, 0x00000000ecb00000| Complete 
| 204|0x00000000ecc00000, 0x00000000ecd00000, 0x00000000ecd00000|100%| E|CS|TAMS 0x00000000ecc00000, 0x00000000ecc00000| Complete 
| 205|0x00000000ecd00000, 0x00000000ece00000, 0x00000000ece00000|100%| E|CS|TAMS 0x00000000ecd00000, 0x00000000ecd00000| Complete 
| 206|0x00000000ece00000, 0x00000000ecf00000, 0x00000000ecf00000|100%| E|CS|TAMS 0x00000000ece00000, 0x00000000ece00000| Complete 
| 207|0x00000000ecf00000, 0x00000000ed000000, 0x00000000ed000000|100%| E|CS|TAMS 0x00000000ecf00000, 0x00000000ecf00000| Complete 
| 208|0x00000000ed000000, 0x00000000ed100000, 0x00000000ed100000|100%| E|CS|TAMS 0x00000000ed000000, 0x00000000ed000000| Complete 
| 209|0x00000000ed100000, 0x00000000ed200000, 0x00000000ed200000|100%| E|CS|TAMS 0x00000000ed100000, 0x00000000ed100000| Complete 
| 210|0x00000000ed200000, 0x00000000ed300000, 0x00000000ed300000|100%| E|CS|TAMS 0x00000000ed200000, 0x00000000ed200000| Complete 
| 211|0x00000000ed300000, 0x00000000ed400000, 0x00000000ed400000|100%| E|CS|TAMS 0x00000000ed300000, 0x00000000ed300000| Complete 
| 212|0x00000000ed400000, 0x00000000ed500000, 0x00000000ed500000|100%| E|CS|TAMS 0x00000000ed400000, 0x00000000ed400000| Complete 
| 213|0x00000000ed500000, 0x00000000ed600000, 0x00000000ed600000|100%| E|CS|TAMS 0x00000000ed500000, 0x00000000ed500000| Complete 
| 214|0x00000000ed600000, 0x00000000ed700000, 0x00000000ed700000|100%| E|CS|TAMS 0x00000000ed600000, 0x00000000ed600000| Complete 
| 215|0x00000000ed700000, 0x00000000ed800000, 0x00000000ed800000|100%| E|CS|TAMS 0x00000000ed700000, 0x00000000ed700000| Complete 
| 216|0x00000000ed800000, 0x00000000ed900000, 0x00000000ed900000|100%| E|CS|TAMS 0x00000000ed800000, 0x00000000ed800000| Complete 
| 217|0x00000000ed900000, 0x00000000eda00000, 0x00000000eda00000|100%| E|CS|TAMS 0x00000000ed900000, 0x00000000ed900000| Complete 
| 218|0x00000000eda00000, 0x00000000edb00000, 0x00000000edb00000|100%| E|CS|TAMS 0x00000000eda00000, 0x00000000eda00000| Complete 
| 219|0x00000000edb00000, 0x00000000edc00000, 0x00000000edc00000|100%| E|CS|TAMS 0x00000000edb00000, 0x00000000edb00000| Complete 
| 220|0x00000000edc00000, 0x00000000edd00000, 0x00000000edd00000|100%| E|CS|TAMS 0x00000000edc00000, 0x00000000edc00000| Complete 
| 221|0x00000000edd00000, 0x00000000ede00000, 0x00000000ede00000|100%| E|CS|TAMS 0x00000000edd00000, 0x00000000edd00000| Complete 
| 222|0x00000000ede00000, 0x00000000edf00000, 0x00000000edf00000|100%| E|CS|TAMS 0x00000000ede00000, 0x00000000ede00000| Complete 
| 223|0x00000000edf00000, 0x00000000ee000000, 0x00000000ee000000|100%| E|CS|TAMS 0x00000000edf00000, 0x00000000edf00000| Complete 
| 224|0x00000000ee000000, 0x00000000ee100000, 0x00000000ee100000|100%| E|CS|TAMS 0x00000000ee000000, 0x00000000ee000000| Complete 
| 225|0x00000000ee100000, 0x00000000ee200000, 0x00000000ee200000|100%| E|CS|TAMS 0x00000000ee100000, 0x00000000ee100000| Complete 
| 226|0x00000000ee200000, 0x00000000ee300000, 0x00000000ee300000|100%| E|CS|TAMS 0x00000000ee200000, 0x00000000ee200000| Complete 
| 227|0x00000000ee300000, 0x00000000ee400000, 0x00000000ee400000|100%| E|CS|TAMS 0x00000000ee300000, 0x00000000ee300000| Complete 
| 228|0x00000000ee400000, 0x00000000ee500000, 0x00000000ee500000|100%| E|CS|TAMS 0x00000000ee400000, 0x00000000ee400000| Complete 
| 229|0x00000000ee500000, 0x00000000ee600000, 0x00000000ee600000|100%| E|CS|TAMS 0x00000000ee500000, 0x00000000ee500000| Complete 
| 230|0x00000000ee600000, 0x00000000ee700000, 0x00000000ee700000|100%| E|CS|TAMS 0x00000000ee600000, 0x00000000ee600000| Complete 
| 231|0x00000000ee700000, 0x00000000ee800000, 0x00000000ee800000|100%| E|CS|TAMS 0x00000000ee700000, 0x00000000ee700000| Complete 
| 232|0x00000000ee800000, 0x00000000ee900000, 0x00000000ee900000|100%| E|CS|TAMS 0x00000000ee800000, 0x00000000ee800000| Complete 
| 233|0x00000000ee900000, 0x00000000eea00000, 0x00000000eea00000|100%| E|CS|TAMS 0x00000000ee900000, 0x00000000ee900000| Complete 
| 234|0x00000000eea00000, 0x00000000eeb00000, 0x00000000eeb00000|100%| E|CS|TAMS 0x00000000eea00000, 0x00000000eea00000| Complete 
| 235|0x00000000eeb00000, 0x00000000eec00000, 0x00000000eec00000|100%| E|CS|TAMS 0x00000000eeb00000, 0x00000000eeb00000| Complete 
| 236|0x00000000eec00000, 0x00000000eed00000, 0x00000000eed00000|100%| E|CS|TAMS 0x00000000eec00000, 0x00000000eec00000| Complete 
| 237|0x00000000eed00000, 0x00000000eee00000, 0x00000000eee00000|100%| E|CS|TAMS 0x00000000eed00000, 0x00000000eed00000| Complete 
| 238|0x00000000eee00000, 0x00000000eef00000, 0x00000000eef00000|100%| E|CS|TAMS 0x00000000eee00000, 0x00000000eee00000| Complete 
| 239|0x00000000eef00000, 0x00000000ef000000, 0x00000000ef000000|100%| E|CS|TAMS 0x00000000eef00000, 0x00000000eef00000| Complete 
| 240|0x00000000ef000000, 0x00000000ef100000, 0x00000000ef100000|100%| E|CS|TAMS 0x00000000ef000000, 0x00000000ef000000| Complete 
| 241|0x00000000ef100000, 0x00000000ef200000, 0x00000000ef200000|100%| E|CS|TAMS 0x00000000ef100000, 0x00000000ef100000| Complete 
| 242|0x00000000ef200000, 0x00000000ef300000, 0x00000000ef300000|100%| E|CS|TAMS 0x00000000ef200000, 0x00000000ef200000| Complete 
| 243|0x00000000ef300000, 0x00000000ef400000, 0x00000000ef400000|100%| E|CS|TAMS 0x00000000ef300000, 0x00000000ef300000| Complete 
| 244|0x00000000ef400000, 0x00000000ef500000, 0x00000000ef500000|100%| E|CS|TAMS 0x00000000ef400000, 0x00000000ef400000| Complete 
| 245|0x00000000ef500000, 0x00000000ef600000, 0x00000000ef600000|100%| E|CS|TAMS 0x00000000ef500000, 0x00000000ef500000| Complete 
| 246|0x00000000ef600000, 0x00000000ef700000, 0x00000000ef700000|100%| E|CS|TAMS 0x00000000ef600000, 0x00000000ef600000| Complete 
| 247|0x00000000ef700000, 0x00000000ef800000, 0x00000000ef800000|100%| E|CS|TAMS 0x00000000ef700000, 0x00000000ef700000| Complete 
| 248|0x00000000ef800000, 0x00000000ef900000, 0x00000000ef900000|100%| E|CS|TAMS 0x00000000ef800000, 0x00000000ef800000| Complete 
| 249|0x00000000ef900000, 0x00000000efa00000, 0x00000000efa00000|100%| E|CS|TAMS 0x00000000ef900000, 0x00000000ef900000| Complete 
| 250|0x00000000efa00000, 0x00000000efb00000, 0x00000000efb00000|100%| E|CS|TAMS 0x00000000efa00000, 0x00000000efa00000| Complete 
| 251|0x00000000efb00000, 0x00000000efc00000, 0x00000000efc00000|100%| E|CS|TAMS 0x00000000efb00000, 0x00000000efb00000| Complete 
| 252|0x00000000efc00000, 0x00000000efd00000, 0x00000000efd00000|100%| E|CS|TAMS 0x00000000efc00000, 0x00000000efc00000| Complete 
| 253|0x00000000efd00000, 0x00000000efe00000, 0x00000000efe00000|100%| E|CS|TAMS 0x00000000efd00000, 0x00000000efd00000| Complete 
| 254|0x00000000efe00000, 0x00000000eff00000, 0x00000000eff00000|100%| E|CS|TAMS 0x00000000efe00000, 0x00000000efe00000| Complete 
| 255|0x00000000eff00000, 0x00000000f0000000, 0x00000000f0000000|100%| E|CS|TAMS 0x00000000eff00000, 0x00000000eff00000| Complete 

Card table byte_map: [0x000002a2cdaa0000,0x000002a2cdba0000] _byte_map_base: 0x000002a2cd3a0000

Marking Bits (Prev, Next): (CMBitMap*) 0x000002a2b59dbc78, (CMBitMap*) 0x000002a2b59dbcb0
 Prev Bits: [0x000002a2cdca0000, 0x000002a2ce4a0000)
 Next Bits: [0x000002a2ce4a0000, 0x000002a2ceca0000)

Polling page: 0x000002a2b5aa0000

Metaspace:

Usage:
  Non-class:     47.57 MB capacity,    46.52 MB ( 98%) used,   917.09 KB (  2%) free+waste,   160.38 KB ( <1%) overhead. 
      Class:      7.72 MB capacity,     7.10 MB ( 92%) used,   554.80 KB (  7%) free+waste,    78.81 KB ( <1%) overhead. 
       Both:     55.29 MB capacity,    53.62 MB ( 97%) used,     1.44 MB (  3%) free+waste,   239.19 KB ( <1%) overhead. 

Virtual space:
  Non-class space:       48.00 MB reserved,      47.67 MB (>99%) committed 
      Class space:      376.00 MB reserved,       7.75 MB (  2%) committed 
             Both:      424.00 MB reserved,      55.42 MB ( 13%) committed 

Chunk freelists:
   Non-Class:  5.38 KB
       Class:  3.50 KB
        Both:  8.88 KB

CodeHeap 'non-profiled nmethods': size=120000Kb used=2652Kb max_used=2652Kb free=117347Kb
 bounds [0x000002a2c57d0000, 0x000002a2c5a70000, 0x000002a2ccd00000]
CodeHeap 'profiled nmethods': size=120000Kb used=9580Kb max_used=9580Kb free=110419Kb
 bounds [0x000002a2be2a0000, 0x000002a2bec00000, 0x000002a2c57d0000]
CodeHeap 'non-nmethods': size=5760Kb used=2237Kb max_used=2286Kb free=3522Kb
 bounds [0x000002a2bdd00000, 0x000002a2bdf70000, 0x000002a2be2a0000]
 total_blobs=6679 nmethods=4401 adapters=724
 compilation: enabled
              stopped_count=0, restarted_count=0
 full_count=0

Compilation events (10 events):
Event: 4.651 Thread 0x000002a2d1969800 4619       3       java.util.ArrayDeque::pop (5 bytes)
Event: 4.651 Thread 0x000002a2d1969800 nmethod 4619 0x000002a2bebee010 code [0x000002a2bebee1e0, 0x000002a2bebee4e0]
Event: 4.651 Thread 0x000002a2d1969800 4621       3       java.util.BitSet::checkInvariants (111 bytes)
Event: 4.651 Thread 0x000002a2d1969800 nmethod 4621 0x000002a2bebee610 code [0x000002a2bebee7c0, 0x000002a2bebee958]
Event: 4.651 Thread 0x000002a2d1969800 4620       3       java.util.BitSet::get (69 bytes)
Event: 4.651 Thread 0x000002a2d1969800 nmethod 4620 0x000002a2bebeea10 code [0x000002a2bebeeca0, 0x000002a2bebef710]
Event: 4.651 Thread 0x000002a2d1969800 4622       3       groovyjarjarantlr4.v4.runtime.atn.ATNDeserializer::testTailCall (204 bytes)
Event: 4.652 Thread 0x000002a2d1969800 nmethod 4622 0x000002a2bebefb10 code [0x000002a2bebefe40, 0x000002a2bebf1290]
Event: 4.652 Thread 0x000002a2d1969800 4623       3       java.util.BitSet::initWords (15 bytes)
Event: 4.652 Thread 0x000002a2d1969800 nmethod 4623 0x000002a2bebf1910 code [0x000002a2bebf1ac0, 0x000002a2bebf1d78]

GC Heap History (10 events):
Event: 2.129 GC heap before
{Heap before GC invocations=1 (full 0):
 garbage-first heap   total 262144K, used 106900K [0x00000000e0000000, 0x0000000100000000)
  region size 1024K, 97 young (99328K), 3 survivors (3072K)
 Metaspace       used 20648K, capacity 21138K, committed 21296K, reserved 405504K
  class space    used 2469K, capacity 2641K, committed 2688K, reserved 385024K
}
Event: 2.137 GC heap after
{Heap after GC invocations=2 (full 0):
 garbage-first heap   total 262144K, used 18451K [0x00000000e0000000, 0x0000000100000000)
  region size 1024K, 11 young (11264K), 11 survivors (11264K)
 Metaspace       used 20648K, capacity 21138K, committed 21296K, reserved 405504K
  class space    used 2469K, capacity 2641K, committed 2688K, reserved 385024K
}
Event: 2.282 GC heap before
{Heap before GC invocations=3 (full 0):
 garbage-first heap   total 262144K, used 43027K [0x00000000e0000000, 0x0000000100000000)
  region size 1024K, 35 young (35840K), 11 survivors (11264K)
 Metaspace       used 22764K, capacity 23358K, committed 23472K, reserved 405504K
  class space    used 2812K, capacity 3023K, committed 3072K, reserved 385024K
}
Event: 2.286 GC heap after
{Heap after GC invocations=4 (full 0):
 garbage-first heap   total 262144K, used 19158K [0x00000000e0000000, 0x0000000100000000)
  region size 1024K, 2 young (2048K), 2 survivors (2048K)
 Metaspace       used 22764K, capacity 23358K, committed 23472K, reserved 405504K
  class space    used 2812K, capacity 3023K, committed 3072K, reserved 385024K
}
Event: 2.911 GC heap before
{Heap before GC invocations=4 (full 0):
 garbage-first heap   total 262144K, used 126678K [0x00000000e0000000, 0x0000000100000000)
  region size 1024K, 96 young (98304K), 2 survivors (2048K)
 Metaspace       used 30338K, capacity 31163K, committed 31408K, reserved 413696K
  class space    used 4038K, capacity 4339K, committed 4352K, reserved 385024K
}
Event: 2.914 GC heap after
{Heap after GC invocations=5 (full 0):
 garbage-first heap   total 262144K, used 35370K [0x00000000e0000000, 0x0000000100000000)
  region size 1024K, 6 young (6144K), 6 survivors (6144K)
 Metaspace       used 30338K, capacity 31163K, committed 31408K, reserved 413696K
  class space    used 4038K, capacity 4339K, committed 4352K, reserved 385024K
}
Event: 3.242 GC heap before
{Heap before GC invocations=5 (full 0):
 garbage-first heap   total 262144K, used 85546K [0x00000000e0000000, 0x0000000100000000)
  region size 1024K, 56 young (57344K), 6 survivors (6144K)
 Metaspace       used 34728K, capacity 35775K, committed 35920K, reserved 417792K
  class space    used 4710K, capacity 5090K, committed 5120K, reserved 385024K
}
Event: 3.247 GC heap after
{Heap after GC invocations=6 (full 0):
 garbage-first heap   total 262144K, used 36877K [0x00000000e0000000, 0x0000000100000000)
  region size 1024K, 8 young (8192K), 8 survivors (8192K)
 Metaspace       used 34728K, capacity 35775K, committed 35920K, reserved 417792K
  class space    used 4710K, capacity 5090K, committed 5120K, reserved 385024K
}
Event: 3.967 GC heap before
{Heap before GC invocations=7 (full 0):
 garbage-first heap   total 262144K, used 147469K [0x00000000e0000000, 0x0000000100000000)
  region size 1024K, 112 young (114688K), 8 survivors (8192K)
 Metaspace       used 46347K, capacity 47645K, committed 47792K, reserved 428032K
  class space    used 6025K, capacity 6549K, committed 6656K, reserved 385024K
}
Event: 3.973 GC heap after
{Heap after GC invocations=8 (full 0):
 garbage-first heap   total 262144K, used 44244K [0x00000000e0000000, 0x0000000100000000)
  region size 1024K, 14 young (14336K), 14 survivors (14336K)
 Metaspace       used 46347K, capacity 47645K, committed 47792K, reserved 428032K
  class space    used 6025K, capacity 6549K, committed 6656K, reserved 385024K
}

Deoptimization events (10 events):
Event: 4.464 Thread 0x000002a2d3032000 Uncommon trap: reason=class_check action=maybe_recompile pc=0x000002a2c5998520 method=java.util.regex.Pattern$CharProperty.study(Ljava/util/regex/Pattern$TreeInfo;)Z @ 25 c2
Event: 4.464 Thread 0x000002a2d3032000 Uncommon trap: reason=class_check action=maybe_recompile pc=0x000002a2c5998520 method=java.util.regex.Pattern$CharProperty.study(Ljava/util/regex/Pattern$TreeInfo;)Z @ 25 c2
Event: 4.491 Thread 0x000002a2d3032000 Uncommon trap: reason=unstable_if action=reinterpret pc=0x000002a2c59366d4 method=org.gradle.internal.reflect.PropertyAccessorType.isGetGetterName(Ljava/lang/String;)Z @ 14 c2
Event: 4.534 Thread 0x000002a2d3032000 Uncommon trap: reason=unstable_if action=reinterpret pc=0x000002a2c5839de0 method=java.net.URI$Parser.scan(IILjava/lang/String;)I @ 26 c2
Event: 4.534 Thread 0x000002a2d3032000 Uncommon trap: reason=unstable_if action=reinterpret pc=0x000002a2c5937c48 method=java.net.URI.match(CJJ)Z @ 45 c2
Event: 4.564 Thread 0x000002a2d3032000 Uncommon trap: reason=unstable_if action=reinterpret pc=0x000002a2c580fa24 method=java.lang.AbstractStringBuilder.putStringAt(ILjava/lang/String;)V @ 8 c2
Event: 4.564 Thread 0x000002a2d3032000 Uncommon trap: reason=unstable_if action=reinterpret pc=0x000002a2c581092c method=java.lang.AbstractStringBuilder.putStringAt(ILjava/lang/String;)V @ 8 c2
Event: 4.564 Thread 0x000002a2d3032000 Uncommon trap: reason=unstable_if action=reinterpret pc=0x000002a2c5810170 method=java.lang.String.getBytes([BIB)V @ 5 c2
Event: 4.565 Thread 0x000002a2d3032000 Uncommon trap: reason=unstable_if action=reinterpret pc=0x000002a2c5855240 method=java.lang.AbstractStringBuilder.isLatin1()Z @ 10 c2
Event: 4.625 Thread 0x000002a2d3032000 Uncommon trap: reason=unstable_if action=reinterpret pc=0x000002a2c57ec2a8 method=java.lang.String.getChars(II[CI)V @ 23 c2

Classes redefined (0 events):
No events

Internal exceptions (10 events):
Event: 4.348 Thread 0x000002a2d3032000 Exception <a 'java/lang/ClassNotFoundException'{0x00000000ec9b0340}: org/jetbrains/plugins/gradle/model/scala/ScalaModelBeanInfo> (0x00000000ec9b0340) thrown at [t:/workspace/open/src/hotspot/share/classfile/systemDictionary.cpp, line 231]
Event: 4.348 Thread 0x000002a2d3032000 Exception <a 'java/lang/ClassNotFoundException'{0x00000000ec9c1288}: org/jetbrains/plugins/gradle/model/scala/ScalaModelCustomizer> (0x00000000ec9c1288) thrown at [t:/workspace/open/src/hotspot/share/classfile/systemDictionary.cpp, line 231]
Event: 4.350 Thread 0x000002a2d3032000 Exception <a 'java/lang/ClassNotFoundException'{0x00000000ec815688}: org/jetbrains/plugins/gradle/model/DependencyAccessorsModelBeanInfo> (0x00000000ec815688) thrown at [t:/workspace/open/src/hotspot/share/classfile/systemDictionary.cpp, line 231]
Event: 4.350 Thread 0x000002a2d3032000 Exception <a 'java/lang/ClassNotFoundException'{0x00000000ec8271b0}: org/jetbrains/plugins/gradle/model/DependencyAccessorsModelCustomizer> (0x00000000ec8271b0) thrown at [t:/workspace/open/src/hotspot/share/classfile/systemDictionary.cpp, line 231]
Event: 4.412 Thread 0x000002a2d3032000 Exception <a 'java/lang/ClassNotFoundException'{0x00000000ebdd68a8}: org/gradle/api/internal/project/DefaultProject_DecoratedBeanInfo> (0x00000000ebdd68a8) thrown at [t:/workspace/open/src/hotspot/share/classfile/systemDictionary.cpp, line 231]
Event: 4.413 Thread 0x000002a2d3032000 Exception <a 'java/lang/ClassNotFoundException'{0x00000000ebdf27c0}: org/gradle/api/internal/project/DefaultProjectBeanInfo> (0x00000000ebdf27c0) thrown at [t:/workspace/open/src/hotspot/share/classfile/systemDictionary.cpp, line 231]
Event: 4.413 Thread 0x000002a2d3032000 Exception <a 'java/lang/ClassNotFoundException'{0x00000000ebc0ecf8}: org/gradle/api/internal/project/DefaultProjectCustomizer> (0x00000000ebc0ecf8) thrown at [t:/workspace/open/src/hotspot/share/classfile/systemDictionary.cpp, line 231]
Event: 4.415 Thread 0x000002a2d3032000 Exception <a 'java/lang/ClassNotFoundException'{0x00000000ebcc4540}: org/gradle/api/internal/project/DefaultProject_DecoratedCustomizer> (0x00000000ebcc4540) thrown at [t:/workspace/open/src/hotspot/share/classfile/systemDictionary.cpp, line 231]
Event: 4.488 Thread 0x000002a2d3032000 Exception <a 'java/lang/NoSuchMethodError'{0x00000000eae558d8}: java.lang.invoke.DirectMethodHandle$Holder.invokeStatic(Ljava/lang/Object;J)J> (0x00000000eae558d8) thrown at [t:/workspace/open/src/hotspot/share/interpreter/linkResolver.cpp, line 772]
Event: 4.573 Thread 0x000002a2d3032000 Exception <a 'java/lang/NoSuchMethodError'{0x00000000ea3ffba0}: java.lang.invoke.DirectMethodHandle$Holder.invokeVirtual(Ljava/lang/Object;Ljava/lang/Object;)V> (0x00000000ea3ffba0) thrown at [t:/workspace/open/src/hotspot/share/interpreter/linkResolver.c

Events (10 events):
Event: 4.661 loading class org/apache/groovy/parser/antlr4/GroovyParser$DimContext
Event: 4.661 loading class org/apache/groovy/parser/antlr4/GroovyParser$DimContext done
Event: 4.661 loading class org/apache/groovy/parser/antlr4/GroovyParser$StringLiteralAltContext
Event: 4.661 loading class org/apache/groovy/parser/antlr4/GroovyParser$StringLiteralAltContext done
Event: 4.661 loading class org/apache/groovy/parser/antlr4/GroovyParser$CatchTypeContext
Event: 4.661 loading class org/apache/groovy/parser/antlr4/GroovyParser$CatchTypeContext done
Event: 4.662 loading class org/apache/groovy/parser/antlr4/GroovyParser$TypeListContext
Event: 4.662 loading class org/apache/groovy/parser/antlr4/GroovyParser$TypeListContext done
Event: 4.662 loading class org/apache/groovy/parser/antlr4/GroovyParser$PostfixExprAltContext
Event: 4.662 loading class org/apache/groovy/parser/antlr4/GroovyParser$PostfixExprAltContext done


Dynamic libraries:
0x00007ff6b1f80000 - 0x00007ff6b1fc5000 	C:\dev\jdk-11\bin\java.exe
0x00007ffdf8bd0000 - 0x00007ffdf8dc7000 	C:\windows\SYSTEM32\ntdll.dll
0x00007ffdf8990000 - 0x00007ffdf8a4d000 	C:\windows\System32\KERNEL32.DLL
0x00007ffdf65f0000 - 0x00007ffdf68e6000 	C:\windows\System32\KERNELBASE.dll
0x00007ffdf74a0000 - 0x00007ffdf763e000 	C:\windows\System32\USER32.dll
0x00007ffdf6c00000 - 0x00007ffdf6c22000 	C:\windows\System32\win32u.dll
0x00007ffdf8390000 - 0x00007ffdf83bc000 	C:\windows\System32\GDI32.dll
0x00007ffdf64d0000 - 0x00007ffdf65ea000 	C:\windows\System32\gdi32full.dll
0x00007ffdf63e0000 - 0x00007ffdf647d000 	C:\windows\System32\msvcp_win.dll
0x00007ffdf62b0000 - 0x00007ffdf63b0000 	C:\windows\System32\ucrtbase.dll
0x00007ffde8560000 - 0x00007ffde87fa000 	C:\windows\WinSxS\amd64_microsoft.windows.common-controls_6595b64144ccf1df_6.0.19041.3570_none_60bb2a3971f3e41a\COMCTL32.dll
0x00007ffdf78f0000 - 0x00007ffdf798e000 	C:\windows\System32\msvcrt.dll
0x00007ffdf8290000 - 0x00007ffdf82c0000 	C:\windows\System32\IMM32.DLL
0x00007ffdec680000 - 0x00007ffdec696000 	C:\dev\jdk-11\bin\vcruntime140.dll
0x00007ffdba350000 - 0x00007ffdba3fa000 	C:\dev\jdk-11\bin\msvcp140.dll
0x00007ffdb7370000 - 0x00007ffdb7eb1000 	C:\dev\jdk-11\bin\server\jvm.dll
0x00007ffdf8ae0000 - 0x00007ffdf8b8e000 	C:\windows\System32\ADVAPI32.dll
0x00007ffdf84e0000 - 0x00007ffdf857c000 	C:\windows\System32\sechost.dll
0x00007ffdf7100000 - 0x00007ffdf7226000 	C:\windows\System32\RPCRT4.dll
0x00007ffdf78e0000 - 0x00007ffdf78e8000 	C:\windows\System32\PSAPI.DLL
0x00007ffdef8b0000 - 0x00007ffdef8b9000 	C:\windows\SYSTEM32\WSOCK32.dll
0x00007ffdea480000 - 0x00007ffdea4a7000 	C:\windows\SYSTEM32\WINMM.dll
0x00007ffdec1d0000 - 0x00007ffdec1da000 	C:\windows\SYSTEM32\VERSION.dll
0x00007ffdf76c0000 - 0x00007ffdf772b000 	C:\windows\System32\WS2_32.dll
0x00007ffdf4aa0000 - 0x00007ffdf4ab2000 	C:\windows\SYSTEM32\kernel.appcore.dll
0x00007ffdebce0000 - 0x00007ffdebcf1000 	C:\dev\jdk-11\bin\verify.dll
0x00007ffdf47c0000 - 0x00007ffdf49a4000 	C:\windows\SYSTEM32\DBGHELP.DLL
0x00007ffdda190000 - 0x00007ffdda1c4000 	C:\windows\SYSTEM32\dbgcore.DLL
0x00007ffdf68f0000 - 0x00007ffdf6972000 	C:\windows\System32\bcryptPrimitives.dll
0x00007ffde4840000 - 0x00007ffde4868000 	C:\dev\jdk-11\bin\java.dll
0x00007ffdd3e60000 - 0x00007ffdd3e8f000 	C:\dev\jdk-11\bin\instrument.dll
0x00007ffdea5d0000 - 0x00007ffdea5e6000 	C:\dev\jdk-11\bin\zip.dll
0x00007ffdeeb50000 - 0x00007ffdeeb5a000 	C:\dev\jdk-11\bin\jimage.dll
0x00007ffdf7a50000 - 0x00007ffdf8194000 	C:\windows\System32\SHELL32.dll
0x00007ffdf3f50000 - 0x00007ffdf46eb000 	C:\windows\SYSTEM32\windows.storage.dll
0x00007ffdf8580000 - 0x00007ffdf88d4000 	C:\windows\System32\combase.dll
0x00007ffdf5b40000 - 0x00007ffdf5b6d000 	C:\windows\SYSTEM32\Wldp.dll
0x00007ffdf7230000 - 0x00007ffdf72dd000 	C:\windows\System32\SHCORE.dll
0x00007ffdf72f0000 - 0x00007ffdf7345000 	C:\windows\System32\shlwapi.dll
0x00007ffdf61e0000 - 0x00007ffdf6205000 	C:\windows\SYSTEM32\profapi.dll
0x00007ffde94c0000 - 0x00007ffde94d9000 	C:\dev\jdk-11\bin\net.dll
0x00007ffdedb20000 - 0x00007ffdedc2a000 	C:\windows\SYSTEM32\WINHTTP.dll
0x00007ffdf5920000 - 0x00007ffdf598a000 	C:\windows\system32\mswsock.dll
0x00007ffde89b0000 - 0x00007ffde89c3000 	C:\dev\jdk-11\bin\nio.dll
0x00007ffdd3f40000 - 0x00007ffdd3f67000 	C:\Users\SSAFY\.gradle\native\68d5fa5c4cc2d200863cafc0d521ce42e7d3e7ee720ec0a83991735586a16f82\windows-amd64\native-platform.dll
0x00007ffdba200000 - 0x00007ffdba344000 	C:\Users\SSAFY\.gradle\native\e376f236ea51e6404a007f0833ffe2c6e607c4080706a723a18a27aeea778392\windows-amd64\native-platform-file-events.dll
0x00007ffdeaa70000 - 0x00007ffdeaa79000 	C:\dev\jdk-11\bin\management.dll
0x00007ffde97a0000 - 0x00007ffde97ac000 	C:\dev\jdk-11\bin\management_ext.dll
0x00007ffdf5be0000 - 0x00007ffdf5bf8000 	C:\windows\SYSTEM32\CRYPTSP.dll
0x00007ffdf5250000 - 0x00007ffdf5284000 	C:\windows\system32\rsaenh.dll
0x00007ffdf63b0000 - 0x00007ffdf63d7000 	C:\windows\System32\bcrypt.dll
0x00007ffdf61a0000 - 0x00007ffdf61ce000 	C:\windows\SYSTEM32\USERENV.dll
0x00007ffdf5ab0000 - 0x00007ffdf5abc000 	C:\windows\SYSTEM32\CRYPTBASE.dll
0x00007ffdf5630000 - 0x00007ffdf566b000 	C:\windows\SYSTEM32\IPHLPAPI.DLL
0x00007ffdf8280000 - 0x00007ffdf8288000 	C:\windows\System32\NSI.dll
0x00007ffdec0e0000 - 0x00007ffdec0f7000 	C:\windows\SYSTEM32\dhcpcsvc6.DLL
0x00007ffdedaa0000 - 0x00007ffdedabd000 	C:\windows\SYSTEM32\dhcpcsvc.DLL
0x00007ffdf5670000 - 0x00007ffdf573a000 	C:\windows\SYSTEM32\DNSAPI.dll

dbghelp: loaded successfully - version: 4.0.5 - missing functions: none
symbol engine: initialized successfully - sym options: 0x614 - pdb path: .;C:\dev\jdk-11\bin;C:\windows\SYSTEM32;C:\windows\WinSxS\amd64_microsoft.windows.common-controls_6595b64144ccf1df_6.0.19041.3570_none_60bb2a3971f3e41a;C:\dev\jdk-11\bin\server;C:\Users\SSAFY\.gradle\native\68d5fa5c4cc2d200863cafc0d521ce42e7d3e7ee720ec0a83991735586a16f82\windows-amd64;C:\Users\SSAFY\.gradle\native\e376f236ea51e6404a007f0833ffe2c6e607c4080706a723a18a27aeea778392\windows-amd64

VM Arguments:
jvm_args: --add-opens=java.base/java.util=ALL-UNNAMED --add-opens=java.base/java.lang=ALL-UNNAMED --add-opens=java.base/java.lang.invoke=ALL-UNNAMED --add-opens=java.prefs/java.util.prefs=ALL-UNNAMED --add-opens=java.base/java.nio.charset=ALL-UNNAMED --add-opens=java.base/java.net=ALL-UNNAMED --add-opens=java.base/java.util.concurrent.atomic=ALL-UNNAMED -XX:MaxMetaspaceSize=384m -XX:+HeapDumpOnOutOfMemoryError -Xms256m -Xmx512m -Dfile.encoding=x-windows-949 -Duser.country=KR -Duser.language=ko -Duser.variant -javaagent:C:\Users\SSAFY\.gradle\wrapper\dists\gradle-8.3-bin\dxjbbhstwasg8cbags9q7cvli\gradle-8.3\lib\agents\gradle-instrumentation-agent-8.3.jar 
java_command: org.gradle.launcher.daemon.bootstrap.GradleDaemon 8.3
java_class_path (initial): C:\Users\SSAFY\.gradle\wrapper\dists\gradle-8.3-bin\dxjbbhstwasg8cbags9q7cvli\gradle-8.3\lib\gradle-launcher-8.3.jar
Launcher Type: SUN_STANDARD

[Global flags]
     intx CICompilerCount                          = 4                                         {product} {ergonomic}
   size_t CompressedClassSpaceSize                 = 394264576                                 {product} {ergonomic}
     uint ConcGCThreads                            = 3                                         {product} {ergonomic}
     uint G1ConcRefinementThreads                  = 10                                        {product} {ergonomic}
   size_t G1HeapRegionSize                         = 1048576                                   {product} {ergonomic}
    uintx GCDrainStackTargetSize                   = 64                                        {product} {ergonomic}
     bool HeapDumpOnOutOfMemoryError               = true                                   {manageable} {command line}
   size_t InitialHeapSize                          = 268435456                                 {product} {command line}
   size_t MarkStackSize                            = 4194304                                   {product} {ergonomic}
   size_t MaxHeapSize                              = 536870912                                 {product} {command line}
   size_t MaxMetaspaceSize                         = 402653184                                 {product} {command line}
   size_t MaxNewSize                               = 321912832                                 {product} {ergonomic}
   size_t MinHeapDeltaBytes                        = 1048576                                   {product} {ergonomic}
    uintx NonNMethodCodeHeapSize                   = 5835340                                {pd product} {ergonomic}
    uintx NonProfiledCodeHeapSize                  = 122911450                              {pd product} {ergonomic}
    uintx ProfiledCodeHeapSize                     = 122911450                              {pd product} {ergonomic}
    uintx ReservedCodeCacheSize                    = 251658240                              {pd product} {ergonomic}
     bool SegmentedCodeCache                       = true                                      {product} {ergonomic}
     bool UseCompressedClassPointers               = true                                 {lp64_product} {ergonomic}
     bool UseCompressedOops                        = true                                 {lp64_product} {ergonomic}
     bool UseG1GC                                  = true                                      {product} {ergonomic}
     bool UseLargePagesIndividualAllocation        = false                                  {pd product} {ergonomic}

Logging:
Log output configuration:
 #0: stdout all=warning uptime,level,tags
 #1: stderr all=off uptime,level,tags

Environment Variables:
JAVA_HOME=C:\dev\jdk-11
PATH=C:\dev\jdk-11\bin;C:\Program Files\NVIDIA GPU Computing Toolkit\CUDA\v10.0\bin;C:\Program Files\NVIDIA GPU Computing Toolkit\CUDA\v10.0\libnvvp;C:\Python37\Scripts\;C:\Python37\;C:\windows\system32;C:\windows;C:\windows\System32\Wbem;C:\windows\System32\WindowsPowerShell\v1.0\;C:\windows\System32\OpenSSH\;C:\Program Files\Git\cmd;C:\Program Files\Bandizip\;C:\Program Files\Git LFS;C:\ProgramData\chocolatey\bin;C:\ProgramData\chocolatey\lib\cunit\lib;C:\ProgramData\chocolatey\lib\tinyxml2\lib;C:\ProgramData\chocolatey\lib\log4cxx\lib;C:\ProgramData\chocolatey\lib\bullet\lib;C:\Program Files (x86)\NVIDIA Corporation\PhysX\Common;C:\Program Files\NVIDIA Corporation\NVIDIA NvDLISR;C:\Program Files\Docker\Docker\resources\bin;C:\Program Files\nodejs\;C:\Program Files\MySQL\MySQL Shell 8.0\bin\;C:\Users\SSAFY\AppData\Local\Microsoft\WindowsApps;C:\Users\SSAFY\AppData\Local\Programs\Microsoft VS Code\bin;C:\Program Files\JetBrains\IntelliJ IDEA 2023.1.3\bin;C:\Users\SSAFY\AppData\Local\JetBrains\Toolbox\scripts;C:\OpenSSL-Win64\bin\;C:\Program Files\CMake\bin;C:\Users\SSAFY\Desktop\protoc-3.2.0-win32\bin;C:\Users\SSAFY\Desktop\models;C:\Users\SSAFY\Desktop\models\research;C:\Users\SSAFY\Desktop\models\research\slim;C:\Users\SSAFY\Desktop\models\research\object_detection;C:\Users\SSAFY\AppData\Roaming\npm
USERNAME=SSAFY
OS=Windows_NT
PROCESSOR_IDENTIFIER=Intel64 Family 6 Model 165 Stepping 2, GenuineIntel



---------------  S Y S T E M  ---------------

OS: Windows 10 , 64 bit Build 19041 (10.0.19041.3570)

CPU:total 12 (initial active 12) (6 cores per cpu, 2 threads per core) family 6 model 165 stepping 2, cmov, cx8, fxsr, mmx, sse, sse2, sse3, ssse3, sse4.1, sse4.2, popcnt, avx, avx2, aes, clmul, erms, 3dnowpref, lzcnt, ht, tsc, tscinvbit, bmi1, bmi2, adx, fma

Memory: 4k page, system-wide physical 16304M (2168M free)
TotalPageFile size 22172M (AvailPageFile size 5M)
current process WorkingSet (physical memory assigned to process): 339M, peak: 340M
current process commit charge ("private bytes"): 482M, peak: 483M

vm_info: OpenJDK 64-Bit Server VM (11+28) for windows-amd64 JRE (11+28), built on Aug 23 2018 03:04:58 by "mach5one" with MS VC++ 15.5 (VS2017)

END.
